\BOOKMARK [0][-]{chapter*.1}{\376\377\000M\000a\000t\000r\000i\000c\000e\000s}{}% 1
\BOOKMARK [1][-]{section*.2}{\376\377\000B\000a\000s\000i\000c\000\040\000O\000p\000e\000r\000a\000t\000i\000o\000n\000s}{chapter*.1}% 2
\BOOKMARK [0][-]{chapter*.3}{\376\377\000G\000r\000o\000u\000p\000\040\000T\000h\000e\000o\000r\000y}{}% 3
\BOOKMARK [1][-]{section*.4}{\376\377\000L\000a\000w\000s\000\040\000o\000f\000\040\000C\000o\000m\000p\000o\000s\000i\000t\000i\000o\000n\000s}{chapter*.3}% 4
\BOOKMARK [1][-]{section*.5}{\376\377\000G\000r\000o\000u\000p\000s\000\040\000a\000n\000d\000\040\000S\000u\000b\000g\000r\000o\000u\000p\000s}{chapter*.3}% 5
\BOOKMARK [1][-]{section*.6}{\376\377\000S\000u\000b\000g\000r\000o\000u\000p\000s\000\040\000o\000f\000\040\000t\000h\000e\000\040\000A\000d\000d\000i\000t\000i\000v\000e\000\040\000G\000r\000o\000u\000p\000\040\000o\000f\000\040\000I\000n\000t\000e\000g\000e\000r\000s}{chapter*.3}% 6
\BOOKMARK [1][-]{section*.7}{\376\377\000C\000y\000c\000l\000i\000c\000\040\000G\000r\000o\000u\000p\000s}{chapter*.3}% 7
\BOOKMARK [1][-]{section*.8}{\376\377\000H\000o\000m\000o\000m\000o\000r\000p\000h\000i\000s\000m\000s}{chapter*.3}% 8
\BOOKMARK [1][-]{section*.9}{\376\377\000I\000s\000o\000m\000o\000r\000p\000h\000i\000s\000m\000s}{chapter*.3}% 9
\BOOKMARK [1][-]{section*.10}{\376\377\000E\000q\000u\000i\000v\000a\000l\000e\000n\000c\000e\000\040\000R\000e\000l\000a\000t\000i\000o\000n\000s\000\040\000a\000n\000d\000\040\000P\000a\000r\000t\000i\000t\000i\000o\000n\000s}{chapter*.3}% 10
\BOOKMARK [2][-]{section*.11}{\376\377\000T\000h\000e\000\040\000E\000q\000u\000i\000v\000a\000l\000e\000n\000c\000e\000\040\000R\000e\000l\000a\000t\000i\000o\000n\000\040\000D\000e\000f\000i\000n\000e\000d\000\040\000b\000y\000\040\000a\000\040\000M\000a\000p}{section*.10}% 11
\BOOKMARK [1][-]{section*.12}{\376\377\000C\000o\000s\000e\000t\000s}{chapter*.3}% 12
\BOOKMARK [1][-]{section*.13}{\376\377\000M\000o\000d\000u\000l\000a\000r\000\040\000A\000r\000i\000t\000h\000m\000e\000t\000i\000c}{chapter*.3}% 13
\BOOKMARK [1][-]{section*.14}{\376\377\000T\000h\000e\000\040\000C\000o\000r\000r\000e\000s\000p\000o\000n\000d\000e\000n\000c\000e\000\040\000T\000h\000e\000o\000r\000e\000m}{chapter*.3}% 14
\BOOKMARK [2][-]{section*.15}{\376\377\000P\000R\000O\000B\000L\000E\000M}{section*.14}% 15
\BOOKMARK [2][-]{section*.16}{\376\377\000P\000r\000o\000b\000l\000e\000m}{section*.14}% 16
\BOOKMARK [2][-]{section*.17}{\376\377\000P\000r\000o\000b\000l\000e\000m}{section*.14}% 17
\BOOKMARK [1][-]{section*.18}{\376\377\000P\000r\000o\000d\000u\000c\000t\000\040\000G\000r\000o\000u\000p\000s}{chapter*.3}% 18
\BOOKMARK [1][-]{section*.19}{\376\377\000Q\000u\000o\000t\000i\000e\000n\000t\000\040\000G\000r\000o\000u\000p\000s}{chapter*.3}% 19
\BOOKMARK [0][-]{chapter*.20}{\376\377\000L\000i\000e\000n\000a\000e\000r\000\040\000O\000p\000e\000r\000a\000t\000o\000r\000s}{}% 20
\BOOKMARK [0][-]{chapter*.21}{\376\377\000E\000x\000e\000r\000c\000i\000s\000e\000s}{}% 21
\BOOKMARK [1][-]{section*.22}{\376\377\000C\000h\000a\000p\000t\000e\000r\000\040\0002}{chapter*.21}% 22
\BOOKMARK [2][-]{section*.23}{\376\377\000L\000a\000w\000s\000\040\000o\000f\000\040\000c\000o\000m\000p\000o\000s\000i\000t\000i\000o\000n}{section*.22}% 23
\BOOKMARK [2][-]{section*.24}{\376\377\000G\000r\000o\000u\000p\000s\000\040\000a\000n\000d\000\040\000S\000u\000b\000g\000r\000o\000u\000p\000s}{section*.22}% 24
\BOOKMARK [2][-]{section*.25}{\376\377\000S\000u\000b\000g\000r\000o\000u\000p\000s\000\040\000o\000f\000\040\000t\000h\000e\000\040\000A\000d\000d\000i\000t\000i\000v\000e\000\040\000G\000r\000o\000u\000p\000\040\000o\000f\000\040\000I\000n\000t\000e\000g\000e\000r\000s}{section*.22}% 25
\BOOKMARK [2][-]{section*.26}{\376\377\000C\000y\000c\000l\000i\000c\000\040\000g\000r\000o\000u\000p}{section*.22}% 26
\BOOKMARK [2][-]{section*.27}{\376\377\000H\000o\000m\000o\000m\000o\000r\000p\000h\000i\000s\000m\000s}{section*.22}% 27
\BOOKMARK [2][-]{section*.28}{\376\377\000I\000s\000o\000m\000o\000r\000p\000h\000i\000s\000m\000s}{section*.22}% 28
\BOOKMARK [2][-]{section*.29}{\376\377\000E\000q\000u\000i\000v\000a\000l\000e\000n\000c\000e\000\040\000R\000e\000l\000a\000t\000i\000o\000n\000s\000\040\000a\000n\000d\000\040\000P\000a\000r\000t\000i\000t\000i\000o\000n\000s}{section*.22}% 29
\BOOKMARK [2][-]{section*.30}{\376\377\000C\000o\000s\000e\000t\000s}{section*.22}% 30
\BOOKMARK [2][-]{section*.31}{\376\377\000M\000o\000d\000u\000l\000a\000r\000\040\000A\000r\000t\000h\000m\000e\000t\000i\000c}{section*.22}% 31
\BOOKMARK [2][-]{section*.32}{\376\377\000P\000r\000o\000d\000u\000c\000t\000\040\000G\000r\000o\000u\000p}{section*.22}% 32
\BOOKMARK [2][-]{section*.33}{\376\377\000Q\000u\000o\000t\000i\000e\000n\000t\000\040\000G\000r\000o\000u\000p\000s}{section*.22}% 33
\BOOKMARK [2][-]{section*.34}{\376\377\000M\000i\000s\000c\000e\000l\000l\000a\000n\000e\000o\000u\000s\000\040\000P\000r\000o\000b\000l\000e\000m\000s}{section*.22}% 34
\BOOKMARK [2][-]{section*.35}{\376\377\000P\000r\000o\000b\000l\000e\000m}{section*.22}% 35
\BOOKMARK [0][-]{chapter*.36}{\376\377\000V\000e\000c\000t\000o\000r\000\040\000s\000p\000a\000c\000e\000s\000.}{}% 36
