This is pdfTeX, Version 3.141592653-2.6-1.40.26 (TeX Live 2024) (preloaded format=pdflatex 2024.9.20)  23 DEC 2024 20:29
entering extended mode
 restricted \write18 enabled.
 %&-line parsing enabled.
**tikz30bc323684a.tex
(./tikz30bc323684a.tex
LaTeX2e <2024-06-01> patch level 2
L3 programming layer <2024-08-30>

! LaTeX Error: File `standalone.cls' not found.

Type X to quit or <RETURN> to proceed,
or enter new name. (Default extension: cls)

Enter file name: 
! Emergency stop.
<read *> 
         
l.5 \usepackage
               {amsmath}^^M 
Here is how much of TeX's memory you used:
 19 strings out of 475539
 464 string characters out of 5775724
 381759 words of memory out of 5000000
 22763 multiletter control sequences out of 15000+600000
 558069 words of font info for 36 fonts, out of 8000000 for 9000
 14 hyphenation exceptions out of 8191
 19i,0n,29p,75b,17s stack positions out of 10000i,1000n,20000p,200000b,200000s

!  ==> Fatal error occurred, no output PDF file produced!
