This is pdfTeX, Version 3.141592653-2.6-1.40.26 (TeX Live 2024) (preloaded format=pdflatex 2024.4.2)  17 APR 2024 23:54
entering extended mode
 restricted \write18 enabled.
 file:line:error style messages enabled.
 %&-line parsing enabled.
**"c:/Users/RIENZIE/Desktop/Rudin artin LInalag/Artin's Algebra/Artins-Albegra/_book/_main.tex"
(c:/Users/RIENZIE/Desktop/Rudin artin LInalag/Artin's Algebra/Artins-Albegra/_book/_main.tex
LaTeX2e <2023-11-01> patch level 1
L3 programming layer <2024-03-14>
(c:/Users/RIENZIE/AppData/Roaming/TinyTeX/texmf-dist/tex/latex/base/book.cls
Document Class: book 2023/05/17 v1.4n Standard LaTeX document class
(c:/Users/RIENZIE/AppData/Roaming/TinyTeX/texmf-dist/tex/latex/base/bk10.clo
File: bk10.clo 2023/05/17 v1.4n Standard LaTeX file (size option)
)
\c@part=\count188
\c@chapter=\count189
\c@section=\count190
\c@subsection=\count191
\c@subsubsection=\count192
\c@paragraph=\count193
\c@subparagraph=\count194
\c@figure=\count195
\c@table=\count196
\abovecaptionskip=\skip48
\belowcaptionskip=\skip49
\bibindent=\dimen140
) (c:/Users/RIENZIE/AppData/Roaming/TinyTeX/texmf-dist/tex/latex/amsmath/amsmath.sty
Package: amsmath 2023/05/13 v2.17o AMS math features
\@mathmargin=\skip50

For additional information on amsmath, use the `?' option.
(c:/Users/RIENZIE/AppData/Roaming/TinyTeX/texmf-dist/tex/latex/amsmath/amstext.sty
Package: amstext 2021/08/26 v2.01 AMS text
 (c:/Users/RIENZIE/AppData/Roaming/TinyTeX/texmf-dist/tex/latex/amsmath/amsgen.sty
File: amsgen.sty 1999/11/30 v2.0 generic functions
\@emptytoks=\toks17
\ex@=\dimen141
)) (c:/Users/RIENZIE/AppData/Roaming/TinyTeX/texmf-dist/tex/latex/amsmath/amsbsy.sty
Package: amsbsy 1999/11/29 v1.2d Bold Symbols
\pmbraise@=\dimen142
) (c:/Users/RIENZIE/AppData/Roaming/TinyTeX/texmf-dist/tex/latex/amsmath/amsopn.sty
Package: amsopn 2022/04/08 v2.04 operator names
)
\inf@bad=\count197
LaTeX Info: Redefining \frac on input line 234.
\uproot@=\count198
\leftroot@=\count199
LaTeX Info: Redefining \overline on input line 399.
LaTeX Info: Redefining \colon on input line 410.
\classnum@=\count266
\DOTSCASE@=\count267
LaTeX Info: Redefining \ldots on input line 496.
LaTeX Info: Redefining \dots on input line 499.
LaTeX Info: Redefining \cdots on input line 620.
\Mathstrutbox@=\box51
\strutbox@=\box52
LaTeX Info: Redefining \big on input line 722.
LaTeX Info: Redefining \Big on input line 723.
LaTeX Info: Redefining \bigg on input line 724.
LaTeX Info: Redefining \Bigg on input line 725.
\big@size=\dimen143
LaTeX Font Info:    Redeclaring font encoding OML on input line 743.
LaTeX Font Info:    Redeclaring font encoding OMS on input line 744.
\macc@depth=\count268
LaTeX Info: Redefining \bmod on input line 905.
LaTeX Info: Redefining \pmod on input line 910.
LaTeX Info: Redefining \smash on input line 940.
LaTeX Info: Redefining \relbar on input line 970.
LaTeX Info: Redefining \Relbar on input line 971.
\c@MaxMatrixCols=\count269
\dotsspace@=\muskip16
\c@parentequation=\count270
\dspbrk@lvl=\count271
\tag@help=\toks18
\row@=\count272
\column@=\count273
\maxfields@=\count274
\andhelp@=\toks19
\eqnshift@=\dimen144
\alignsep@=\dimen145
\tagshift@=\dimen146
\tagwidth@=\dimen147
\totwidth@=\dimen148
\lineht@=\dimen149
\@envbody=\toks20
\multlinegap=\skip51
\multlinetaggap=\skip52
\mathdisplay@stack=\toks21
LaTeX Info: Redefining \[ on input line 2953.
LaTeX Info: Redefining \] on input line 2954.
) (c:/Users/RIENZIE/AppData/Roaming/TinyTeX/texmf-dist/tex/latex/amsfonts/amssymb.sty
Package: amssymb 2013/01/14 v3.01 AMS font symbols
 (c:/Users/RIENZIE/AppData/Roaming/TinyTeX/texmf-dist/tex/latex/amsfonts/amsfonts.sty
Package: amsfonts 2013/01/14 v3.01 Basic AMSFonts support
\symAMSa=\mathgroup4
\symAMSb=\mathgroup5
LaTeX Font Info:    Redeclaring math symbol \hbar on input line 98.
LaTeX Font Info:    Overwriting math alphabet `\mathfrak' in version `bold'
(Font)                  U/euf/m/n --> U/euf/b/n on input line 106.
)) (c:/Users/RIENZIE/AppData/Roaming/TinyTeX/texmf-dist/tex/generic/iftex/iftex.sty
Package: iftex 2022/02/03 v1.0f TeX engine tests
) (c:/Users/RIENZIE/AppData/Roaming/TinyTeX/texmf-dist/tex/latex/base/fontenc.sty
Package: fontenc 2021/04/29 v2.0v Standard LaTeX package
) (c:/Users/RIENZIE/AppData/Roaming/TinyTeX/texmf-dist/tex/latex/base/inputenc.sty
Package: inputenc 2021/02/14 v1.3d Input encoding file
\inpenc@prehook=\toks22
\inpenc@posthook=\toks23
) (c:/Users/RIENZIE/AppData/Roaming/TinyTeX/texmf-dist/tex/latex/base/textcomp.sty
Package: textcomp 2020/02/02 v2.0n Standard LaTeX package
) (c:/Users/RIENZIE/AppData/Roaming/TinyTeX/texmf-dist/tex/latex/lm/lmodern.sty
Package: lmodern 2015/05/01 v1.6.1 Latin Modern Fonts
LaTeX Font Info:    Overwriting symbol font `operators' in version `normal'
(Font)                  OT1/cmr/m/n --> OT1/lmr/m/n on input line 22.
LaTeX Font Info:    Overwriting symbol font `letters' in version `normal'
(Font)                  OML/cmm/m/it --> OML/lmm/m/it on input line 23.
LaTeX Font Info:    Overwriting symbol font `symbols' in version `normal'
(Font)                  OMS/cmsy/m/n --> OMS/lmsy/m/n on input line 24.
LaTeX Font Info:    Overwriting symbol font `largesymbols' in version `normal'
(Font)                  OMX/cmex/m/n --> OMX/lmex/m/n on input line 25.
LaTeX Font Info:    Overwriting symbol font `operators' in version `bold'
(Font)                  OT1/cmr/bx/n --> OT1/lmr/bx/n on input line 26.
LaTeX Font Info:    Overwriting symbol font `letters' in version `bold'
(Font)                  OML/cmm/b/it --> OML/lmm/b/it on input line 27.
LaTeX Font Info:    Overwriting symbol font `symbols' in version `bold'
(Font)                  OMS/cmsy/b/n --> OMS/lmsy/b/n on input line 28.
LaTeX Font Info:    Overwriting symbol font `largesymbols' in version `bold'
(Font)                  OMX/cmex/m/n --> OMX/lmex/m/n on input line 29.
LaTeX Font Info:    Overwriting math alphabet `\mathbf' in version `normal'
(Font)                  OT1/cmr/bx/n --> OT1/lmr/bx/n on input line 31.
LaTeX Font Info:    Overwriting math alphabet `\mathsf' in version `normal'
(Font)                  OT1/cmss/m/n --> OT1/lmss/m/n on input line 32.
LaTeX Font Info:    Overwriting math alphabet `\mathit' in version `normal'
(Font)                  OT1/cmr/m/it --> OT1/lmr/m/it on input line 33.
LaTeX Font Info:    Overwriting math alphabet `\mathtt' in version `normal'
(Font)                  OT1/cmtt/m/n --> OT1/lmtt/m/n on input line 34.
LaTeX Font Info:    Overwriting math alphabet `\mathbf' in version `bold'
(Font)                  OT1/cmr/bx/n --> OT1/lmr/bx/n on input line 35.
LaTeX Font Info:    Overwriting math alphabet `\mathsf' in version `bold'
(Font)                  OT1/cmss/bx/n --> OT1/lmss/bx/n on input line 36.
LaTeX Font Info:    Overwriting math alphabet `\mathit' in version `bold'
(Font)                  OT1/cmr/bx/it --> OT1/lmr/bx/it on input line 37.
LaTeX Font Info:    Overwriting math alphabet `\mathtt' in version `bold'
(Font)                  OT1/cmtt/m/n --> OT1/lmtt/m/n on input line 38.
) (c:/Users/RIENZIE/AppData/Roaming/TinyTeX/texmf-dist/tex/latex/xcolor/xcolor.sty
Package: xcolor 2023/11/15 v3.01 LaTeX color extensions (UK)
 (c:/Users/RIENZIE/AppData/Roaming/TinyTeX/texmf-dist/tex/latex/graphics-cfg/color.cfg
File: color.cfg 2016/01/02 v1.6 sample color configuration
)
Package xcolor Info: Driver file: pdftex.def on input line 274.
 (c:/Users/RIENZIE/AppData/Roaming/TinyTeX/texmf-dist/tex/latex/graphics-def/pdftex.def
File: pdftex.def 2022/09/22 v1.2b Graphics/color driver for pdftex
) (c:/Users/RIENZIE/AppData/Roaming/TinyTeX/texmf-dist/tex/latex/graphics/mathcolor.ltx)
Package xcolor Info: Model `cmy' substituted by `cmy0' on input line 1350.
Package xcolor Info: Model `hsb' substituted by `rgb' on input line 1354.
Package xcolor Info: Model `RGB' extended on input line 1366.
Package xcolor Info: Model `HTML' substituted by `rgb' on input line 1368.
Package xcolor Info: Model `Hsb' substituted by `hsb' on input line 1369.
Package xcolor Info: Model `tHsb' substituted by `hsb' on input line 1370.
Package xcolor Info: Model `HSB' substituted by `hsb' on input line 1371.
Package xcolor Info: Model `Gray' substituted by `gray' on input line 1372.
Package xcolor Info: Model `wave' substituted by `hsb' on input line 1373.
) (c:/Users/RIENZIE/AppData/Roaming/TinyTeX/texmf-dist/tex/latex/tools/longtable.sty
Package: longtable 2023-11-01 v4.19 Multi-page Table package (DPC)
\LTleft=\skip53
\LTright=\skip54
\LTpre=\skip55
\LTpost=\skip56
\LTchunksize=\count275
\LTcapwidth=\dimen150
\LT@head=\box53
\LT@firsthead=\box54
\LT@foot=\box55
\LT@lastfoot=\box56
\LT@gbox=\box57
\LT@cols=\count276
\LT@rows=\count277
\c@LT@tables=\count278
\c@LT@chunks=\count279
\LT@p@ftn=\toks24
) (c:/Users/RIENZIE/AppData/Roaming/TinyTeX/texmf-dist/tex/latex/booktabs/booktabs.sty
Package: booktabs 2020/01/12 v1.61803398 Publication quality tables
\heavyrulewidth=\dimen151
\lightrulewidth=\dimen152
\cmidrulewidth=\dimen153
\belowrulesep=\dimen154
\belowbottomsep=\dimen155
\aboverulesep=\dimen156
\abovetopsep=\dimen157
\cmidrulesep=\dimen158
\cmidrulekern=\dimen159
\defaultaddspace=\dimen160
\@cmidla=\count280
\@cmidlb=\count281
\@aboverulesep=\dimen161
\@belowrulesep=\dimen162
\@thisruleclass=\count282
\@lastruleclass=\count283
\@thisrulewidth=\dimen163
) (c:/Users/RIENZIE/AppData/Roaming/TinyTeX/texmf-dist/tex/latex/tools/array.sty
Package: array 2023/10/16 v2.5g Tabular extension package (FMi)
\col@sep=\dimen164
\ar@mcellbox=\box58
\extrarowheight=\dimen165
\NC@list=\toks25
\extratabsurround=\skip57
\backup@length=\skip58
\ar@cellbox=\box59
) (c:/Users/RIENZIE/AppData/Roaming/TinyTeX/texmf-dist/tex/latex/tools/calc.sty
Package: calc 2023/07/08 v4.3 Infix arithmetic (KKT,FJ)
\calc@Acount=\count284
\calc@Bcount=\count285
\calc@Adimen=\dimen166
\calc@Bdimen=\dimen167
\calc@Askip=\skip59
\calc@Bskip=\skip60
LaTeX Info: Redefining \setlength on input line 80.
LaTeX Info: Redefining \addtolength on input line 81.
\calc@Ccount=\count286
\calc@Cskip=\skip61
) (c:/Users/RIENZIE/AppData/Roaming/TinyTeX/texmf-dist/tex/latex/etoolbox/etoolbox.sty
Package: etoolbox 2020/10/05 v2.5k e-TeX tools for LaTeX (JAW)
\etb@tempcnta=\count287
) (c:/Users/RIENZIE/AppData/Roaming/TinyTeX/texmf-dist/tex/latex/mdwtools/footnote.sty
Package: footnote 1997/01/28 1.13 Save footnotes around boxes
\fn@notes=\box60
\fn@width=\dimen168
) (c:/Users/RIENZIE/AppData/Roaming/TinyTeX/texmf-dist/tex/latex/graphics/graphicx.sty
Package: graphicx 2021/09/16 v1.2d Enhanced LaTeX Graphics (DPC,SPQR)
 (c:/Users/RIENZIE/AppData/Roaming/TinyTeX/texmf-dist/tex/latex/graphics/keyval.sty
Package: keyval 2022/05/29 v1.15 key=value parser (DPC)
\KV@toks@=\toks26
) (c:/Users/RIENZIE/AppData/Roaming/TinyTeX/texmf-dist/tex/latex/graphics/graphics.sty
Package: graphics 2022/03/10 v1.4e Standard LaTeX Graphics (DPC,SPQR)
 (c:/Users/RIENZIE/AppData/Roaming/TinyTeX/texmf-dist/tex/latex/graphics/trig.sty
Package: trig 2021/08/11 v1.11 sin cos tan (DPC)
) (c:/Users/RIENZIE/AppData/Roaming/TinyTeX/texmf-dist/tex/latex/graphics-cfg/graphics.cfg
File: graphics.cfg 2016/06/04 v1.11 sample graphics configuration
)
Package graphics Info: Driver file: pdftex.def on input line 107.
)
\Gin@req@height=\dimen169
\Gin@req@width=\dimen170
) (c:/Users/RIENZIE/AppData/Roaming/TinyTeX/texmf-dist/tex/latex/natbib/natbib.sty
Package: natbib 2010/09/13 8.31b (PWD, AO)
\bibhang=\skip62
\bibsep=\skip63
LaTeX Info: Redefining \cite on input line 694.
\c@NAT@ctr=\count288
) (c:/Users/RIENZIE/AppData/Roaming/TinyTeX/texmf-dist/tex/latex/bookmark/bookmark.sty
Package: bookmark 2023-12-10 v1.31 PDF bookmarks (HO)
 (c:/Users/RIENZIE/AppData/Roaming/TinyTeX/texmf-dist/tex/latex/hyperref/hyperref.sty
Package: hyperref 2024-01-20 v7.01h Hypertext links for LaTeX
 (c:/Users/RIENZIE/AppData/Roaming/TinyTeX/texmf-dist/tex/latex/kvsetkeys/kvsetkeys.sty
Package: kvsetkeys 2022-10-05 v1.19 Key value parser (HO)
) (c:/Users/RIENZIE/AppData/Roaming/TinyTeX/texmf-dist/tex/generic/kvdefinekeys/kvdefinekeys.sty
Package: kvdefinekeys 2019-12-19 v1.6 Define keys (HO)
) (c:/Users/RIENZIE/AppData/Roaming/TinyTeX/texmf-dist/tex/generic/pdfescape/pdfescape.sty
Package: pdfescape 2019/12/09 v1.15 Implements pdfTeX's escape features (HO)
 (c:/Users/RIENZIE/AppData/Roaming/TinyTeX/texmf-dist/tex/generic/ltxcmds/ltxcmds.sty
Package: ltxcmds 2023-12-04 v1.26 LaTeX kernel commands for general use (HO)
) (c:/Users/RIENZIE/AppData/Roaming/TinyTeX/texmf-dist/tex/generic/pdftexcmds/pdftexcmds.sty
Package: pdftexcmds 2020-06-27 v0.33 Utility functions of pdfTeX for LuaTeX (HO)
 (c:/Users/RIENZIE/AppData/Roaming/TinyTeX/texmf-dist/tex/generic/infwarerr/infwarerr.sty
Package: infwarerr 2019/12/03 v1.5 Providing info/warning/error messages (HO)
)
Package pdftexcmds Info: \pdf@primitive is available.
Package pdftexcmds Info: \pdf@ifprimitive is available.
Package pdftexcmds Info: \pdfdraftmode found.
)) (c:/Users/RIENZIE/AppData/Roaming/TinyTeX/texmf-dist/tex/latex/hycolor/hycolor.sty
Package: hycolor 2020-01-27 v1.10 Color options for hyperref/bookmark (HO)
) (c:/Users/RIENZIE/AppData/Roaming/TinyTeX/texmf-dist/tex/latex/auxhook/auxhook.sty
Package: auxhook 2019-12-17 v1.6 Hooks for auxiliary files (HO)
) (c:/Users/RIENZIE/AppData/Roaming/TinyTeX/texmf-dist/tex/latex/hyperref/nameref.sty
Package: nameref 2023-11-26 v2.56 Cross-referencing by name of section
 (c:/Users/RIENZIE/AppData/Roaming/TinyTeX/texmf-dist/tex/latex/refcount/refcount.sty
Package: refcount 2019/12/15 v3.6 Data extraction from label references (HO)
) (c:/Users/RIENZIE/AppData/Roaming/TinyTeX/texmf-dist/tex/generic/gettitlestring/gettitlestring.sty
Package: gettitlestring 2019/12/15 v1.6 Cleanup title references (HO)
 (c:/Users/RIENZIE/AppData/Roaming/TinyTeX/texmf-dist/tex/latex/kvoptions/kvoptions.sty
Package: kvoptions 2022-06-15 v3.15 Key value format for package options (HO)
))
\c@section@level=\count289
)
\@linkdim=\dimen171
\Hy@linkcounter=\count290
\Hy@pagecounter=\count291
 (c:/Users/RIENZIE/AppData/Roaming/TinyTeX/texmf-dist/tex/latex/hyperref/pd1enc.def
File: pd1enc.def 2024-01-20 v7.01h Hyperref: PDFDocEncoding definition (HO)
Now handling font encoding PD1 ...
... no UTF-8 mapping file for font encoding PD1
) (c:/Users/RIENZIE/AppData/Roaming/TinyTeX/texmf-dist/tex/generic/intcalc/intcalc.sty
Package: intcalc 2019/12/15 v1.3 Expandable calculations with integers (HO)
)
\Hy@SavedSpaceFactor=\count292
 (c:/Users/RIENZIE/AppData/Roaming/TinyTeX/texmf-dist/tex/latex/hyperref/puenc.def
File: puenc.def 2024-01-20 v7.01h Hyperref: PDF Unicode definition (HO)
Now handling font encoding PU ...
... no UTF-8 mapping file for font encoding PU
)
Package hyperref Info: Option `unicode' set `true' on input line 4062.
Package hyperref Info: Hyper figures OFF on input line 4179.
Package hyperref Info: Link nesting OFF on input line 4184.
Package hyperref Info: Hyper index ON on input line 4187.
Package hyperref Info: Plain pages OFF on input line 4194.
Package hyperref Info: Backreferencing OFF on input line 4199.
Package hyperref Info: Implicit mode ON; LaTeX internals redefined.
Package hyperref Info: Bookmarks ON on input line 4446.
\c@Hy@tempcnt=\count293
 (c:/Users/RIENZIE/AppData/Roaming/TinyTeX/texmf-dist/tex/latex/url/url.sty
\Urlmuskip=\muskip17
Package: url 2013/09/16  ver 3.4  Verb mode for urls, etc.
)
LaTeX Info: Redefining \url on input line 4784.
\XeTeXLinkMargin=\dimen172
 (c:/Users/RIENZIE/AppData/Roaming/TinyTeX/texmf-dist/tex/generic/bitset/bitset.sty
Package: bitset 2019/12/09 v1.3 Handle bit-vector datatype (HO)
 (c:/Users/RIENZIE/AppData/Roaming/TinyTeX/texmf-dist/tex/generic/bigintcalc/bigintcalc.sty
Package: bigintcalc 2019/12/15 v1.5 Expandable calculations on big integers (HO)
))
\Fld@menulength=\count294
\Field@Width=\dimen173
\Fld@charsize=\dimen174
Package hyperref Info: Hyper figures OFF on input line 6063.
Package hyperref Info: Link nesting OFF on input line 6068.
Package hyperref Info: Hyper index ON on input line 6071.
Package hyperref Info: backreferencing OFF on input line 6078.
Package hyperref Info: Link coloring OFF on input line 6083.
Package hyperref Info: Link coloring with OCG OFF on input line 6088.
Package hyperref Info: PDF/A mode OFF on input line 6093.
 (c:/Users/RIENZIE/AppData/Roaming/TinyTeX/texmf-dist/tex/latex/base/atbegshi-ltx.sty
Package: atbegshi-ltx 2021/01/10 v1.0c Emulation of the original atbegshi
package with kernel methods
)
\Hy@abspage=\count295
\c@Item=\count296
\c@Hfootnote=\count297
)
Package hyperref Info: Driver (autodetected): hpdftex.
 (c:/Users/RIENZIE/AppData/Roaming/TinyTeX/texmf-dist/tex/latex/hyperref/hpdftex.def
File: hpdftex.def 2024-01-20 v7.01h Hyperref driver for pdfTeX
 (c:/Users/RIENZIE/AppData/Roaming/TinyTeX/texmf-dist/tex/latex/base/atveryend-ltx.sty
Package: atveryend-ltx 2020/08/19 v1.0a Emulation of the original atveryend package
with kernel methods
)
\Fld@listcount=\count298
\c@bookmark@seq@number=\count299
 (c:/Users/RIENZIE/AppData/Roaming/TinyTeX/texmf-dist/tex/latex/rerunfilecheck/rerunfilecheck.sty
Package: rerunfilecheck 2022-07-10 v1.10 Rerun checks for auxiliary files (HO)
 (c:/Users/RIENZIE/AppData/Roaming/TinyTeX/texmf-dist/tex/generic/uniquecounter/uniquecounter.sty
Package: uniquecounter 2019/12/15 v1.4 Provide unlimited unique counter (HO)
)
Package uniquecounter Info: New unique counter `rerunfilecheck' on input line 285.
)
\Hy@SectionHShift=\skip64
) (c:/Users/RIENZIE/AppData/Roaming/TinyTeX/texmf-dist/tex/latex/bookmark/bkm-pdftex.def
File: bkm-pdftex.def 2023-12-10 v1.31 bookmark driver for pdfTeX and luaTeX (HO)
\BKM@id=\count300
)) (c:/Users/RIENZIE/AppData/Roaming/TinyTeX/texmf-dist/tex/latex/amscls/amsthm.sty
Package: amsthm 2020/05/29 v2.20.6
\thm@style=\toks27
\thm@bodyfont=\toks28
\thm@headfont=\toks29
\thm@notefont=\toks30
\thm@headpunct=\toks31
\thm@preskip=\skip65
\thm@postskip=\skip66
\thm@headsep=\skip67
\dth@everypar=\toks32
)
\c@theorem=\count301
\c@lemma=\count302
\c@corollary=\count303
\c@proposition=\count304
\c@conjecture=\count305
\c@definition=\count306
\c@example=\count307
\c@exercise=\count308
\c@hypothesis=\count309
LaTeX Font Info:    Trying to load font information for T1+lmr on input line 102.
 (c:/Users/RIENZIE/AppData/Roaming/TinyTeX/texmf-dist/tex/latex/lm/t1lmr.fd
File: t1lmr.fd 2015/05/01 v1.6.1 Font defs for Latin Modern
) (c:/Users/RIENZIE/AppData/Roaming/TinyTeX/texmf-dist/tex/latex/l3backend/l3backend-pdftex.def
File: l3backend-pdftex.def 2024-03-14 L3 backend support: PDF output (pdfTeX)
\l__color_backend_stack_int=\count310
\l__pdf_internal_box=\box61
) (./_main.aux)
\openout1 = `_main.aux'.

LaTeX Font Info:    Checking defaults for OML/cmm/m/it on input line 102.
LaTeX Font Info:    ... okay on input line 102.
LaTeX Font Info:    Checking defaults for OMS/cmsy/m/n on input line 102.
LaTeX Font Info:    ... okay on input line 102.
LaTeX Font Info:    Checking defaults for OT1/cmr/m/n on input line 102.
LaTeX Font Info:    ... okay on input line 102.
LaTeX Font Info:    Checking defaults for T1/cmr/m/n on input line 102.
LaTeX Font Info:    ... okay on input line 102.
LaTeX Font Info:    Checking defaults for TS1/cmr/m/n on input line 102.
LaTeX Font Info:    ... okay on input line 102.
LaTeX Font Info:    Checking defaults for OMX/cmex/m/n on input line 102.
LaTeX Font Info:    ... okay on input line 102.
LaTeX Font Info:    Checking defaults for U/cmr/m/n on input line 102.
LaTeX Font Info:    ... okay on input line 102.
LaTeX Font Info:    Checking defaults for PD1/pdf/m/n on input line 102.
LaTeX Font Info:    ... okay on input line 102.
LaTeX Font Info:    Checking defaults for PU/pdf/m/n on input line 102.
LaTeX Font Info:    ... okay on input line 102.
 (c:/Users/RIENZIE/AppData/Roaming/TinyTeX/texmf-dist/tex/latex/epstopdf-pkg/epstopdf-base.sty
Package: epstopdf-base 2020-01-24 v2.11 Base part for package epstopdf
Package epstopdf-base Info: Redefining graphics rule for `.eps' on input line 485.
 (c:/Users/RIENZIE/AppData/Roaming/TinyTeX/texmf-dist/tex/latex/latexconfig/epstopdf-sys.cfg
File: epstopdf-sys.cfg 2010/07/13 v1.3 Configuration of (r)epstopdf for TeX Live
))
Package hyperref Info: Link coloring OFF on input line 102.
LaTeX Font Info:    Trying to load font information for OT1+lmr on input line 104.
 (c:/Users/RIENZIE/AppData/Roaming/TinyTeX/texmf-dist/tex/latex/lm/ot1lmr.fd
File: ot1lmr.fd 2015/05/01 v1.6.1 Font defs for Latin Modern
)
LaTeX Font Info:    Trying to load font information for OML+lmm on input line 104.
 (c:/Users/RIENZIE/AppData/Roaming/TinyTeX/texmf-dist/tex/latex/lm/omllmm.fd
File: omllmm.fd 2015/05/01 v1.6.1 Font defs for Latin Modern
)
LaTeX Font Info:    Trying to load font information for OMS+lmsy on input line 104.
 (c:/Users/RIENZIE/AppData/Roaming/TinyTeX/texmf-dist/tex/latex/lm/omslmsy.fd
File: omslmsy.fd 2015/05/01 v1.6.1 Font defs for Latin Modern
)
LaTeX Font Info:    Trying to load font information for OMX+lmex on input line 104.
 (c:/Users/RIENZIE/AppData/Roaming/TinyTeX/texmf-dist/tex/latex/lm/omxlmex.fd
File: omxlmex.fd 2015/05/01 v1.6.1 Font defs for Latin Modern
)
LaTeX Font Info:    External font `lmex10' loaded for size
(Font)              <12> on input line 104.
LaTeX Font Info:    External font `lmex10' loaded for size
(Font)              <8> on input line 104.
LaTeX Font Info:    External font `lmex10' loaded for size
(Font)              <6> on input line 104.
LaTeX Font Info:    Trying to load font information for U+msa on input line 104.
 (c:/Users/RIENZIE/AppData/Roaming/TinyTeX/texmf-dist/tex/latex/amsfonts/umsa.fd
File: umsa.fd 2013/01/14 v3.01 AMS symbols A
)
LaTeX Font Info:    Trying to load font information for U+msb on input line 104.
 (c:/Users/RIENZIE/AppData/Roaming/TinyTeX/texmf-dist/tex/latex/amsfonts/umsb.fd
File: umsb.fd 2013/01/14 v3.01 AMS symbols B
) [1


{c:/Users/RIENZIE/AppData/Roaming/TinyTeX/texmf-var/fonts/map/pdftex/updmap/pdftex.map}{c:/Users/RIENZIE/AppData/Roaming/TinyTeX/texmf-dist/fonts/enc/dvips/lm/lm-ec.enc}] [2

] (./_main.toc
LaTeX Font Info:    External font `lmex10' loaded for size
(Font)              <10> on input line 2.
LaTeX Font Info:    External font `lmex10' loaded for size
(Font)              <7> on input line 2.
LaTeX Font Info:    External font `lmex10' loaded for size
(Font)              <5> on input line 2.
 [3{c:/Users/RIENZIE/AppData/Roaming/TinyTeX/texmf-dist/fonts/enc/dvips/lm/lm-mathit.enc}])
\tf@toc=\write3
\openout3 = `_main.toc'.

 [4]
Chapter 1.
<figures/ch_1/fig01.jpg, id=79, 2874.74pt x 2168.1pt>
File: figures/ch_1/fig01.jpg Graphic file (type jpg)
<use figures/ch_1/fig01.jpg>
Package pdftex.def Info: figures/ch_1/fig01.jpg  used on input line 117.
(pdftex.def)             Requested size: 344.99779pt x 260.19386pt.

Underfull \hbox (badness 10000) in paragraph at lines 117--119
[][]
 []


Underfull \vbox (badness 2096) has occurred while \output is active []

 [5

{c:/Users/RIENZIE/AppData/Roaming/TinyTeX/texmf-dist/fonts/enc/dvips/lm/lm-mathsy.enc} <./figures/ch_1/fig01.jpg>]
<figures/ch_1/fig02.png, id=87, 271.61475pt x 148.75575pt>
File: figures/ch_1/fig02.png Graphic file (type png)
<use figures/ch_1/fig02.png>
Package pdftex.def Info: figures/ch_1/fig02.png  used on input line 130.
(pdftex.def)             Requested size: 271.62236pt x 148.7599pt.
 [6{c:/Users/RIENZIE/AppData/Roaming/TinyTeX/texmf-dist/fonts/enc/dvips/lm/lm-rm.enc}{c:/Users/RIENZIE/AppData/Roaming/TinyTeX/texmf-dist/fonts/enc/dvips/lm/lm-mathex.enc} <./figures/ch_1/fig02.png>]
Chapter 2.
LaTeX Font Info:    Trying to load font information for TS1+lmr on input line 150.
(c:/Users/RIENZIE/AppData/Roaming/TinyTeX/texmf-dist/tex/latex/lm/ts1lmr.fd
File: ts1lmr.fd 2015/05/01 v1.6.1 Font defs for Latin Modern
) [7

{c:/Users/RIENZIE/AppData/Roaming/TinyTeX/texmf-dist/fonts/enc/dvips/lm/lm-ts1.enc}] [8] [9] [10]
Underfull \hbox (badness 10000) in paragraph at lines 410--412

 []

[11]
<figures/ch_2/fig32.png, id=168, 473.3685pt x 510.10574pt>
File: figures/ch_2/fig32.png Graphic file (type png)
<use figures/ch_2/fig32.png>
Package pdftex.def Info: figures/ch_2/fig32.png  used on input line 456.
(pdftex.def)             Requested size: 345.0144pt x 371.79033pt.

Underfull \vbox (badness 10000) has occurred while \output is active []

 [12] [13 <./figures/ch_2/fig32.png>] [14] [15] [16]
<figures/ch_2/fig33.png, id=224, 506.49225pt x 274.02374pt>
File: figures/ch_2/fig33.png Graphic file (type png)
<use figures/ch_2/fig33.png>
Package pdftex.def Info: figures/ch_2/fig33.png  used on input line 632.
(pdftex.def)             Requested size: 345.01299pt x 186.6598pt.
<figures/ch_2/fig34.png, id=226, 629.35126pt x 494.44725pt>
File: figures/ch_2/fig34.png Graphic file (type png)
<use figures/ch_2/fig34.png>
Package pdftex.def Info: figures/ch_2/fig34.png  used on input line 638.
(pdftex.def)             Requested size: 345.00148pt x 271.04901pt.

Underfull \vbox (badness 10000) has occurred while \output is active []

 [17 <./figures/ch_2/fig33.png>]
<figures/ch_2/fig35.png, id=235, 784.1295pt x 512.51476pt>
File: figures/ch_2/fig35.png Graphic file (type png)
<use figures/ch_2/fig35.png>
Package pdftex.def Info: figures/ch_2/fig35.png  used on input line 652.
(pdftex.def)             Requested size: 344.99413pt x 225.49153pt.

Underfull \vbox (badness 10000) has occurred while \output is active []

 [18 <./figures/ch_2/fig34.png>] [19 <./figures/ch_2/fig35.png>] [20] [21]
Underfull \hbox (badness 10000) in paragraph at lines 794--795

 []

[22]
Underfull \hbox (badness 10000) in paragraph at lines 860--861

 []

[23]
Underfull \hbox (badness 10000) in paragraph at lines 909--911

 []


Overfull \hbox (53.71535pt too wide) detected at line 923
[][]
 []

[24]
Overfull \hbox (81.13751pt too wide) detected at line 958
\OT1/lmr/m/n/10 ((\OML/lmm/m/it/10 a; a[]\OT1/lmr/m/n/10 ) \OMS/lmsy/m/n/10 ^^A \OT1/lmr/m/n/10 (\OML/lmm/m/it/10 b; b[]\OT1/lmr/m/n/10 )) \OMS/lmsy/m/n/10 ^^A \OT1/lmr/m/n/10 (\OML/lmm/m/it/10 c; c[]\OT1/lmr/m/n/10 ) = (\OML/lmm/m/it/10 ab; a[]b[]\OT1/lmr/m/n/10 ) \OMS/lmsy/m/n/10 ^^A \OT1/lmr/m/n/10 (\OML/lmm/m/it/10 c; c[]\OT1/lmr/m/n/10 ) = (\OML/lmm/m/it/10 abc; a[]b[]c[]\OT1/lmr/m/n/10 ) = (\OML/lmm/m/it/10 a; a[]\OT1/lmr/m/n/10 ) \OMS/lmsy/m/n/10 ^^A \OT1/lmr/m/n/10 (\OML/lmm/m/it/10 bc; b[]c[]\OT1/lmr/m/n/10 ) = (\OML/lmm/m/it/10 a; a[]\OT1/lmr/m/n/10 ) \OMS/lmsy/m/n/10 ^^A \OT1/lmr/m/n/10 ((\OML/lmm/m/it/10 b; b[]\OT1/lmr/m/n/10 ) \OMS/lmsy/m/n/10 ^^A \OT1/lmr/m/n/10 (\OML/lmm/m/it/10 c; c[]\OT1/lmr/m/n/10 ))
 []


Underfull \hbox (badness 10000) in paragraph at lines 960--961

 []


Underfull \hbox (badness 10000) in paragraph at lines 964--965

 []


Overfull \hbox (74.62186pt too wide) detected at line 965
\OT1/lmr/m/n/10 (\OML/lmm/m/it/10 a; a[]\OT1/lmr/m/n/10 ) \OMS/lmsy/m/n/10 ^^A \OT1/lmr/m/n/10 (\OML/lmm/m/it/10 a[]; \OT1/lmr/m/n/10 (\OML/lmm/m/it/10 a[]\OT1/lmr/m/n/10 )[]) = (\OML/lmm/m/it/10 aa[]; a[]\OT1/lmr/m/n/10 (\OML/lmm/m/it/10 a[]\OT1/lmr/m/n/10 )[]) = (1[]\OML/lmm/m/it/10 ; \OT1/lmr/m/n/10 1[]) = (\OML/lmm/m/it/10 a[]a; \OT1/lmr/m/n/10 (\OML/lmm/m/it/10 a[]\OT1/lmr/m/n/10 )[]\OML/lmm/m/it/10 a[]\OT1/lmr/m/n/10 ) = (\OML/lmm/m/it/10 a[]; \OT1/lmr/m/n/10 (\OML/lmm/m/it/10 a[]\OT1/lmr/m/n/10 )[]) \OMS/lmsy/m/n/10 ^^A \OT1/lmr/m/n/10 (\OML/lmm/m/it/10 a; a[]\OT1/lmr/m/n/10 )
 []

<figures/ch_2/fig01.jpg, id=298, 1606.0pt x 908.39375pt>
File: figures/ch_2/fig01.jpg Graphic file (type jpg)
<use figures/ch_2/fig01.jpg>
Package pdftex.def Info: figures/ch_2/fig01.jpg  used on input line 973.
(pdftex.def)             Requested size: 344.98921pt x 195.13452pt.

Overfull \hbox (139.0617pt too wide) in paragraph at lines 972--975
\T1/lmr/m/n/10 terms of some ho-mo-mor-phisms. []
 []

[25] [26 <./figures/ch_2/fig01.jpg>]
<figures/ch_2/fig02.png, id=311, 943.72575pt x 446.26724pt>
File: figures/ch_2/fig02.png Graphic file (type png)
<use figures/ch_2/fig02.png>
Package pdftex.def Info: figures/ch_2/fig02.png  used on input line 1025.
(pdftex.def)             Requested size: 344.99704pt x 163.14154pt.

Underfull \hbox (badness 10000) in paragraph at lines 1025--1027
[][]
 []

[27 <./figures/ch_2/fig02.png>] [28] [29]
Underfull \hbox (badness 10000) in paragraph at lines 1194--1195

 []

[30] [31]
<figures/ch_2/fig29.png, id=363, 686.565pt x 486.01575pt>
File: figures/ch_2/fig29.png Graphic file (type png)
<use figures/ch_2/fig29.png>
Package pdftex.def Info: figures/ch_2/fig29.png  used on input line 1241.
(pdftex.def)             Requested size: 344.99974pt x 244.2235pt.
 [32 <./figures/ch_2/fig29.png>]
Underfull \hbox (badness 10000) in paragraph at lines 1309--1311

 []

[33]
Overfull \hbox (16.92809pt too wide) detected at line 1349
\OML/lmm/m/it/10 y'\OT1/lmr/m/n/10 (1[]) = \OML/lmm/m/it/10 '\OT1/lmr/m/n/10 (\OML/lmm/m/it/10 x\OT1/lmr/m/n/10 )\OML/lmm/m/it/10 '\OT1/lmr/m/n/10 (1[]) = \OML/lmm/m/it/10 '\OT1/lmr/m/n/10 (\OML/lmm/m/it/10 x\OT1/lmr/m/n/10 1[]) = \OML/lmm/m/it/10 '\OT1/lmr/m/n/10 (\OML/lmm/m/it/10 x\OT1/lmr/m/n/10 ) = \OML/lmm/m/it/10 y \OT1/lmr/m/n/10 = \OML/lmm/m/it/10 '\OT1/lmr/m/n/10 (1[]\OML/lmm/m/it/10 x\OT1/lmr/m/n/10 ) = \OML/lmm/m/it/10 '\OT1/lmr/m/n/10 (1[])\OML/lmm/m/it/10 '\OT1/lmr/m/n/10 (\OML/lmm/m/it/10 x\OT1/lmr/m/n/10 ) = \OML/lmm/m/it/10 '\OT1/lmr/m/n/10 (1[])\OML/lmm/m/it/10 y
 []


Overfull \hbox (28.80656pt too wide) detected at line 1354
\OML/lmm/m/it/10 y'\OT1/lmr/m/n/10 (\OML/lmm/m/it/10 x[] \OT1/lmr/m/n/10 = \OML/lmm/m/it/10 '\OT1/lmr/m/n/10 (\OML/lmm/m/it/10 x\OT1/lmr/m/n/10 )\OML/lmm/m/it/10 '\OT1/lmr/m/n/10 (\OML/lmm/m/it/10 x[]\OT1/lmr/m/n/10 ) = \OML/lmm/m/it/10 '\OT1/lmr/m/n/10 (\OML/lmm/m/it/10 xx[]\OT1/lmr/m/n/10 ) = \OML/lmm/m/it/10 '\OT1/lmr/m/n/10 (1[]) = \OML/lmm/m/it/10 '\OT1/lmr/m/n/10 (\OML/lmm/m/it/10 x[]x\OT1/lmr/m/n/10 ) = \OML/lmm/m/it/10 '\OT1/lmr/m/n/10 (\OML/lmm/m/it/10 x[]\OT1/lmr/m/n/10 )\OML/lmm/m/it/10 '\OT1/lmr/m/n/10 (\OML/lmm/m/it/10 x\OT1/lmr/m/n/10 ) = \OML/lmm/m/it/10 '\OT1/lmr/m/n/10 (\OML/lmm/m/it/10 x[]\OT1/lmr/m/n/10 )\OML/lmm/m/it/10 y
 []

<figures/ch_2/fig30.png, id=383, 711.8595pt x 488.42474pt>
File: figures/ch_2/fig30.png Graphic file (type png)
<use figures/ch_2/fig30.png>
Package pdftex.def Info: figures/ch_2/fig30.png  used on input line 1371.
(pdftex.def)             Requested size: 345.00162pt x 236.7143pt.
[34]
<figures/ch_2/fig31.png, id=392, 386.04225pt x 290.2845pt>
File: figures/ch_2/fig31.png Graphic file (type png)
<use figures/ch_2/fig31.png>
Package pdftex.def Info: figures/ch_2/fig31.png  used on input line 1389.
(pdftex.def)             Requested size: 172.50395pt x 129.71436pt.

Underfull \vbox (badness 4819) has occurred while \output is active []

 [35 <./figures/ch_2/fig30.png>]
Underfull \hbox (badness 10000) in paragraph at lines 1396--1397

 []

[36 <./figures/ch_2/fig31.png>]
Chapter 3.
LaTeX Font Info:    External font `lmex10' loaded for size
(Font)              <14.4> on input line 1406.
[37

]
<figures/ch_2/fig100.png, id=418, 419.76825pt x 411.33675pt>
File: figures/ch_2/fig100.png Graphic file (type png)
<use figures/ch_2/fig100.png>
Package pdftex.def Info: figures/ch_2/fig100.png  used on input line 1488.
(pdftex.def)             Requested size: 345.01282pt x 338.08287pt.
 [38] [39 <./figures/ch_2/fig100.png>] [40] [41] [42

]
Chapter 4.
[43] [44]
Underfull \hbox (badness 10000) in paragraph at lines 1680--1682

 []

<figures/ch_2/fig17.jpg, id=496, 2951.025pt x 2168.1pt>
File: figures/ch_2/fig17.jpg Graphic file (type jpg)
<use figures/ch_2/fig17.jpg>
Package pdftex.def Info: figures/ch_2/fig17.jpg  used on input line 1722.
(pdftex.def)             Requested size: 319.97577pt x 235.08424pt.

Underfull \vbox (badness 2698) has occurred while \output is active []

 [45]
Underfull \hbox (badness 10000) in paragraph at lines 1724--1725

 []

<figures/ch_2/fig18.jpg, id=507, 1150.2975pt x 378.66469pt>
File: figures/ch_2/fig18.jpg Graphic file (type jpg)
<use figures/ch_2/fig18.jpg>
Package pdftex.def Info: figures/ch_2/fig18.jpg  used on input line 1727.
(pdftex.def)             Requested size: 344.9866pt x 113.56561pt.

Underfull \hbox (badness 10000) in paragraph at lines 1727--1729
[][]
 []


Underfull \vbox (badness 10000) has occurred while \output is active []

 [46 <./figures/ch_2/fig17.jpg> <./figures/ch_2/fig18.jpg>]
Underfull \hbox (badness 10000) in paragraph at lines 1764--1765

 []

[47] [48]
<figures/ch_2/fig49.jpg, id=535, 1474.50874pt x 1606.0pt>
File: figures/ch_2/fig49.jpg Graphic file (type jpg)
<use figures/ch_2/fig49.jpg>
Package pdftex.def Info: figures/ch_2/fig49.jpg  used on input line 1868.
(pdftex.def)             Requested size: 344.97966pt x 375.74368pt.
<figures/ch_2/fig50.jpg, id=536, 1084.05pt x 1361.085pt>
File: figures/ch_2/fig50.jpg Graphic file (type jpg)
<use figures/ch_2/fig50.jpg>
Package pdftex.def Info: figures/ch_2/fig50.jpg  used on input line 1869.
(pdftex.def)             Requested size: 345.00084pt x 433.16772pt.

Underfull \hbox (badness 10000) in paragraph at lines 1868--1870
[][]
 []

[49 <./figures/ch_2/fig49.jpg>]
<figures/ch_2/fig19.jpg, id=545, 2078.76625pt x 3186.90625pt>
File: figures/ch_2/fig19.jpg Graphic file (type jpg)
<use figures/ch_2/fig19.jpg>
Package pdftex.def Info: figures/ch_2/fig19.jpg  used on input line 1881.
(pdftex.def)             Requested size: 344.97995pt x 528.88043pt.

Underfull \vbox (badness 4673) has occurred while \output is active []

 [50 <./figures/ch_2/fig50.jpg>]
Underfull \vbox (badness 10000) has occurred while \output is active []

 [51 <./figures/ch_2/fig19.jpg>]
<figures/ch_2/fig20.jpg, id=557, 1084.05pt x 1349.04pt>
File: figures/ch_2/fig20.jpg Graphic file (type jpg)
<use figures/ch_2/fig20.jpg>
Package pdftex.def Info: figures/ch_2/fig20.jpg  used on input line 1893.
(pdftex.def)             Requested size: 345.00084pt x 429.33438pt.

Overfull \hbox (48.23434pt too wide) in paragraph at lines 1892--1894
[]\T1/lmr/bx/n/10 Solution\T1/lmr/m/n/10 : [] 
 []

<figures/ch_2/fig21.jpg, id=558, 859.21pt x 1284.8pt>
File: figures/ch_2/fig21.jpg Graphic file (type jpg)
<use figures/ch_2/fig21.jpg>
Package pdftex.def Info: figures/ch_2/fig21.jpg  used on input line 1901.
(pdftex.def)             Requested size: 345.00208pt x 515.89095pt.

Overfull \hbox (48.23558pt too wide) in paragraph at lines 1900--1902
[]\T1/lmr/bx/n/10 Solution\T1/lmr/m/n/10 : [] 
 []


Underfull \vbox (badness 2310) has occurred while \output is active []

 [52 <./figures/ch_2/fig20.jpg>]
Underfull \vbox (badness 10000) has occurred while \output is active []

 [53 <./figures/ch_2/fig21.jpg>]
<figures/ch_2/fig51.png, id=574, 395.67825pt x 501.072pt>
File: figures/ch_2/fig51.png Graphic file (type png)
<use figures/ch_2/fig51.png>
Package pdftex.def Info: figures/ch_2/fig51.png  used on input line 1925.
(pdftex.def)             Requested size: 345.01613pt x 436.91544pt.
<figures/ch_2/fig52.png, id=575, 378.213pt x 283.65974pt>
File: figures/ch_2/fig52.png Graphic file (type png)
<use figures/ch_2/fig52.png>
Package pdftex.def Info: figures/ch_2/fig52.png  used on input line 1926.
(pdftex.def)             Requested size: 345.01694pt x 258.7627pt.
 [54 <./figures/ch_2/fig51.png>]
<figures/ch_2/fig53.png, id=584, 392.667pt x 340.8735pt>
File: figures/ch_2/fig53.png Graphic file (type png)
<use figures/ch_2/fig53.png>
Package pdftex.def Info: figures/ch_2/fig53.png  used on input line 1929.
(pdftex.def)             Requested size: 345.00279pt x 299.49628pt.

Underfull \vbox (badness 10000) has occurred while \output is active []

 [55 <./figures/ch_2/fig52.png>]
<figures/ch_2/fig22.png, id=591, 467.346pt x 555.2745pt>
File: figures/ch_2/fig22.png Graphic file (type png)
<use figures/ch_2/fig22.png>
Package pdftex.def Info: figures/ch_2/fig22.png  used on input line 1941.
(pdftex.def)             Requested size: 344.99628pt x 409.90538pt.

Underfull \vbox (badness 10000) has occurred while \output is active []

 [56 <./figures/ch_2/fig53.png>]
<figures/ch_2/fig23.png, id=601, 807.015pt x 467.346pt>
File: figures/ch_2/fig23.png Graphic file (type png)
<use figures/ch_2/fig23.png>
Package pdftex.def Info: figures/ch_2/fig23.png  used on input line 1960.
(pdftex.def)             Requested size: 345.0025pt x 199.79248pt.

Overfull \hbox (48.23601pt too wide) in paragraph at lines 1959--1961
[]\T1/lmr/bx/n/10 Solution\T1/lmr/m/n/10 : [] 
 []


Underfull \vbox (badness 10000) has occurred while \output is active []

 [57 <./figures/ch_2/fig22.png>]
<figures/ch_2/fig24.png, id=611, 725.109pt x 508.90125pt>
File: figures/ch_2/fig24.png Graphic file (type png)
<use figures/ch_2/fig24.png>
Package pdftex.def Info: figures/ch_2/fig24.png  used on input line 1962.
(pdftex.def)             Requested size: 345.00569pt x 242.1344pt.
<figures/ch_2/fig25.png, id=612, 493.845pt x 492.03825pt>
File: figures/ch_2/fig25.png Graphic file (type png)
<use figures/ch_2/fig25.png>
Package pdftex.def Info: figures/ch_2/fig25.png  used on input line 1964.
(pdftex.def)             Requested size: 344.99586pt x 343.7337pt.
<figures/ch_2/fig26.png, id=613, 536.60475pt x 447.47176pt>
File: figures/ch_2/fig26.png Graphic file (type png)
<use figures/ch_2/fig26.png>
Package pdftex.def Info: figures/ch_2/fig26.png  used on input line 1965.
(pdftex.def)             Requested size: 345.00612pt x 287.69872pt.
<figures/ch_2/fig27.png, id=614, 548.0475pt x 211.992pt>
File: figures/ch_2/fig27.png Graphic file (type png)
<use figures/ch_2/fig27.png>
Package pdftex.def Info: figures/ch_2/fig27.png  used on input line 1966.
(pdftex.def)             Requested size: 345.00415pt x 133.45215pt.
<figures/ch_2/fig28.png, id=615, 483.60675pt x 331.83975pt>
File: figures/ch_2/fig28.png Graphic file (type png)
<use figures/ch_2/fig28.png>
Package pdftex.def Info: figures/ch_2/fig28.png  used on input line 1967.
(pdftex.def)             Requested size: 345.00137pt x 236.73196pt.

Underfull \hbox (badness 10000) in paragraph at lines 1964--1968
[][]
 []


Underfull \vbox (badness 10000) has occurred while \output is active []

 [58 <./figures/ch_2/fig23.png> <./figures/ch_2/fig24.png>]
Underfull \vbox (badness 10000) has occurred while \output is active []

 [59 <./figures/ch_2/fig25.png>]
Underfull \vbox (badness 10000) has occurred while \output is active []

 [60 <./figures/ch_2/fig26.png> <./figures/ch_2/fig27.png>] [61 <./figures/ch_2/fig28.png>]
<figures/ch_2/fig54.png, id=642, 497.4585pt x 504.08325pt>
File: figures/ch_2/fig54.png Graphic file (type png)
<use figures/ch_2/fig54.png>
Package pdftex.def Info: figures/ch_2/fig54.png  used on input line 2006.
(pdftex.def)             Requested size: 345.00775pt x 349.60228pt.
<figures/ch_2/fig55.png, id=643, 434.8245pt x 513.117pt>
File: figures/ch_2/fig55.png Graphic file (type png)
<use figures/ch_2/fig55.png>
Package pdftex.def Info: figures/ch_2/fig55.png  used on input line 2007.
(pdftex.def)             Requested size: 345.00705pt x 407.12747pt.
<figures/ch_2/fig56.png, id=644, 440.24475pt x 532.99126pt>
File: figures/ch_2/fig56.png Graphic file (type png)
<use figures/ch_2/fig56.png>
Package pdftex.def Info: figures/ch_2/fig56.png  used on input line 2008.
(pdftex.def)             Requested size: 345.01518pt x 417.69965pt.
<figures/ch_2/fig57.png, id=645, 395.67825pt x 501.072pt>
File: figures/ch_2/fig57.png Graphic file (type png)
<use figures/ch_2/fig57.png>
Package pdftex.def Info: figures/ch_2/fig57.png  used on input line 2009.
(pdftex.def)             Requested size: 345.01613pt x 436.91544pt.
<figures/ch_2/fig58.png, id=646, 389.65575pt x 470.9595pt>
File: figures/ch_2/fig58.png Graphic file (type png)
<use figures/ch_2/fig58.png>
Package pdftex.def Info: figures/ch_2/fig58.png  used on input line 2010.
(pdftex.def)             Requested size: 345.0207pt x 417.01112pt.

Overfull \hbox (48.24126pt too wide) in paragraph at lines 2005--2011
[]\T1/lmr/bx/n/10 Solution\T1/lmr/m/n/10 : []
 []


Underfull \vbox (badness 10000) has occurred while \output is active []

 [62 <./figures/ch_2/fig54.png>]
Underfull \vbox (badness 10000) has occurred while \output is active []

 [63 <./figures/ch_2/fig55.png>]
Underfull \vbox (badness 10000) has occurred while \output is active []

 [64 <./figures/ch_2/fig56.png>]
Underfull \vbox (badness 10000) has occurred while \output is active []

 [65 <./figures/ch_2/fig57.png>]
<figures/ch_2/fig59.png, id=670, 435.42674pt x 548.0475pt>
File: figures/ch_2/fig59.png Graphic file (type png)
<use figures/ch_2/fig59.png>
Package pdftex.def Info: figures/ch_2/fig59.png  used on input line 2016.
(pdftex.def)             Requested size: 345.01318pt x 434.24896pt.
<figures/ch_2/fig60.png, id=671, 417.35925pt x 122.25674pt>
File: figures/ch_2/fig60.png Graphic file (type png)
<use figures/ch_2/fig60.png>
Package pdftex.def Info: figures/ch_2/fig60.png  used on input line 2017.
(pdftex.def)             Requested size: 345.00703pt x 101.06265pt.

Underfull \vbox (badness 10000) has occurred while \output is active []

 [66 <./figures/ch_2/fig58.png>]
Underfull \vbox (badness 10000) has occurred while \output is active []

 [67 <./figures/ch_2/fig59.png> <./figures/ch_2/fig60.png>]
<figures/ch_2/fig61.png, id=687, 452.892pt x 487.8225pt>
File: figures/ch_2/fig61.png Graphic file (type png)
<use figures/ch_2/fig61.png>
Package pdftex.def Info: figures/ch_2/fig61.png  used on input line 2042.
(pdftex.def)             Requested size: 345.01003pt x 371.61984pt.
<figures/ch_2/fig62.png, id=688, 395.67825pt x 528.17325pt>
File: figures/ch_2/fig62.png Graphic file (type png)
<use figures/ch_2/fig62.png>
Package pdftex.def Info: figures/ch_2/fig62.png  used on input line 2043.
(pdftex.def)             Requested size: 345.01613pt x 460.54666pt.
<figures/ch_2/fig63.png, id=689, 552.8655pt x 458.9145pt>
File: figures/ch_2/fig63.png Graphic file (type png)
<use figures/ch_2/fig63.png>
Package pdftex.def Info: figures/ch_2/fig63.png  used on input line 2045.
(pdftex.def)             Requested size: 345.0086pt x 286.3797pt.

Overfull \hbox (11.67532pt too wide) in paragraph at lines 2042--2046
\T1/lmr/m/n/10 b) [] 
 []

[68 <./figures/ch_2/fig61.png>]
Underfull \vbox (badness 10000) has occurred while \output is active []

 [69 <./figures/ch_2/fig62.png>]
<figures/ch_2/fig64.png, id=704, 442.65375pt x 536.0025pt>
File: figures/ch_2/fig64.png Graphic file (type png)
<use figures/ch_2/fig64.png>
Package pdftex.def Info: figures/ch_2/fig64.png  used on input line 2051.
(pdftex.def)             Requested size: 345.0186pt x 417.77765pt.
<figures/ch_2/fig65.png, id=705, 378.213pt x 519.74174pt>
File: figures/ch_2/fig65.png Graphic file (type png)
<use figures/ch_2/fig65.png>
Package pdftex.def Info: figures/ch_2/fig65.png  used on input line 2052.
(pdftex.def)             Requested size: 345.01694pt x 474.1236pt.
<figures/ch_2/fig66.png, id=706, 387.24675pt x 217.41225pt>
File: figures/ch_2/fig66.png Graphic file (type png)
<use figures/ch_2/fig66.png>
Package pdftex.def Info: figures/ch_2/fig66.png  used on input line 2053.
(pdftex.def)             Requested size: 345.02077pt x 193.70528pt.

Underfull \vbox (badness 10000) has occurred while \output is active []

 [70 <./figures/ch_2/fig63.png>]
Underfull \vbox (badness 10000) has occurred while \output is active []

 [71 <./figures/ch_2/fig64.png>]
Underfull \vbox (badness 10000) has occurred while \output is active []

 [72 <./figures/ch_2/fig65.png>]
<figures/ch_2/fig67.png, id=724, 498.06075pt x 420.3705pt>
File: figures/ch_2/fig67.png Graphic file (type png)
<use figures/ch_2/fig67.png>
Package pdftex.def Info: figures/ch_2/fig67.png  used on input line 2071.
(pdftex.def)             Requested size: 345.01505pt x 291.19771pt.

Underfull \vbox (badness 10000) has occurred while \output is active []

 [73 <./figures/ch_2/fig66.png>]
<figures/ch_2/fig68.png, id=735, 534.19576pt x 495.65175pt>
File: figures/ch_2/fig68.png Graphic file (type png)
<use figures/ch_2/fig68.png>
Package pdftex.def Info: figures/ch_2/fig68.png  used on input line 2077.
(pdftex.def)             Requested size: 344.99786pt x 320.1051pt.
<figures/ch_2/fig69.png, id=736, 487.8225pt x 505.89pt>
File: figures/ch_2/fig69.png Graphic file (type png)
<use figures/ch_2/fig69.png>
Package pdftex.def Info: figures/ch_2/fig69.png  used on input line 2078.
(pdftex.def)             Requested size: 345.00166pt x 357.7795pt.
<figures/ch_2/fig70.png, id=737, 447.47176pt x 516.12825pt>
File: figures/ch_2/fig70.png Graphic file (type png)
<use figures/ch_2/fig70.png>
Package pdftex.def Info: figures/ch_2/fig70.png  used on input line 2079.
(pdftex.def)             Requested size: 344.99812pt x 397.93188pt.

Underfull \hbox (badness 10000) in paragraph at lines 2077--2080
[][]
 []


Underfull \vbox (badness 10000) has occurred while \output is active []

 [74 <./figures/ch_2/fig67.png>]
Underfull \vbox (badness 10000) has occurred while \output is active []

 [75 <./figures/ch_2/fig68.png>]
Underfull \vbox (badness 10000) has occurred while \output is active []

 [76 <./figures/ch_2/fig69.png>]
<figures/ch_2/fig71.png, id=755, 405.31425pt x 485.4135pt>
File: figures/ch_2/fig71.png Graphic file (type png)
<use figures/ch_2/fig71.png>
Package pdftex.def Info: figures/ch_2/fig71.png  used on input line 2085.
(pdftex.def)             Requested size: 344.99495pt x 413.17374pt.
<figures/ch_2/fig72.png, id=756, 414.348pt x 520.94624pt>
File: figures/ch_2/fig72.png Graphic file (type png)
<use figures/ch_2/fig72.png>
Package pdftex.def Info: figures/ch_2/fig72.png  used on input line 2086.
(pdftex.def)             Requested size: 345.00253pt x 433.76045pt.

Underfull \hbox (badness 10000) in paragraph at lines 2085--2087
[][]
 []


Underfull \vbox (badness 10000) has occurred while \output is active []

 [77 <./figures/ch_2/fig70.png>]
Underfull \vbox (badness 10000) has occurred while \output is active []

 [78 <./figures/ch_2/fig71.png>]
<figures/ch_2/fig73.png, id=769, 433.62pt x 549.252pt>
File: figures/ch_2/fig73.png Graphic file (type png)
<use figures/ch_2/fig73.png>
Package pdftex.def Info: figures/ch_2/fig73.png  used on input line 2095.
(pdftex.def)             Requested size: 345.01738pt x 437.02202pt.

Underfull \vbox (badness 10000) has occurred while \output is active []

 [79 <./figures/ch_2/fig72.png>]
<figures/ch_2/fig74.png, id=780, 375.20175pt x 483.0045pt>
File: figures/ch_2/fig74.png Graphic file (type png)
<use figures/ch_2/fig74.png>
Package pdftex.def Info: figures/ch_2/fig74.png  used on input line 2101.
(pdftex.def)             Requested size: 345.00658pt x 444.13368pt.

Underfull \vbox (badness 10000) has occurred while \output is active []

 [80 <./figures/ch_2/fig73.png>]
<figures/ch_2/fig75.png, id=788, 390.258pt x 452.28975pt>
File: figures/ch_2/fig75.png Graphic file (type png)
<use figures/ch_2/fig75.png>
Package pdftex.def Info: figures/ch_2/fig75.png  used on input line 2107.
(pdftex.def)             Requested size: 345.00612pt x 399.84508pt.
<figures/ch_2/fig76.png, id=789, 347.49825pt x 186.6975pt>
File: figures/ch_2/fig76.png Graphic file (type png)
<use figures/ch_2/fig76.png>
Package pdftex.def Info: figures/ch_2/fig76.png  used on input line 2108.
(pdftex.def)             Requested size: 345.02646pt x 185.3695pt.

Underfull \vbox (badness 10000) has occurred while \output is active []

 [81 <./figures/ch_2/fig74.png>]
Underfull \vbox (badness 10000) has occurred while \output is active []

 [82 <./figures/ch_2/fig75.png>]
<figures/ch_2/fig77.png, id=802, 392.667pt x 489.62926pt>
File: figures/ch_2/fig77.png Graphic file (type png)
<use figures/ch_2/fig77.png>
Package pdftex.def Info: figures/ch_2/fig77.png  used on input line 2114.
(pdftex.def)             Requested size: 345.00279pt x 430.19519pt.

Underfull \vbox (badness 10000) has occurred while \output is active []

 [83 <./figures/ch_2/fig76.png>] [84 <./figures/ch_2/fig77.png>]
<figures/ch_2/fig78.png, id=819, 242.70676pt x 407.72325pt>
File: figures/ch_2/fig78.png Graphic file (type png)
<use figures/ch_2/fig78.png>
Package pdftex.def Info: figures/ch_2/fig78.png  used on input line 2135.
(pdftex.def)             Requested size: 242.70615pt x 407.72224pt.
 [85 <./figures/ch_2/fig78.png>]
<figures/ch_2/fig79.png, id=833, 368.577pt x 477.58424pt>
File: figures/ch_2/fig79.png Graphic file (type png)
<use figures/ch_2/fig79.png>
Package pdftex.def Info: figures/ch_2/fig79.png  used on input line 2141.
(pdftex.def)             Requested size: 345.01141pt x 447.0491pt.
<figures/ch_2/fig80.png, id=834, 358.941pt x 477.58424pt>
File: figures/ch_2/fig80.png Graphic file (type png)
<use figures/ch_2/fig80.png>
Package pdftex.def Info: figures/ch_2/fig80.png  used on input line 2143.
(pdftex.def)             Requested size: 345.00116pt x 459.03679pt.

Underfull \vbox (badness 10000) has occurred while \output is active []

 [86 <./figures/ch_2/fig79.png>]
<figures/ch_2/fig81.png, id=840, 349.305pt x 122.25674pt>
File: figures/ch_2/fig81.png Graphic file (type png)
<use figures/ch_2/fig81.png>
Package pdftex.def Info: figures/ch_2/fig81.png  used on input line 2145.
(pdftex.def)             Requested size: 345.01884pt x 120.75658pt.

Underfull \vbox (badness 10000) has occurred while \output is active []

 [87 <./figures/ch_2/fig80.png>] [88 <./figures/ch_2/fig81.png>]
<figures/ch_2/fig101.png, id=854, 913.011pt x 283.0575pt>
File: figures/ch_2/fig101.png Graphic file (type png)
<use figures/ch_2/fig101.png>
Package pdftex.def Info: figures/ch_2/fig101.png  used on input line 2196.
(pdftex.def)             Requested size: 344.99739pt x 106.95828pt.
<figures/ch_2/fig82.png, id=855, 570.33075pt x 304.7385pt>
File: figures/ch_2/fig82.png Graphic file (type png)
<use figures/ch_2/fig82.png>
Package pdftex.def Info: figures/ch_2/fig82.png  used on input line 2207.
(pdftex.def)             Requested size: 345.0033pt x 184.34178pt.

Underfull \vbox (badness 10000) has occurred while \output is active []

 [89 <./figures/ch_2/fig101.png>]
<figures/ch_2/fig83.png, id=863, 411.33675pt x 504.08325pt>
File: figures/ch_2/fig83.png Graphic file (type png)
<use figures/ch_2/fig83.png>
Package pdftex.def Info: figures/ch_2/fig83.png  used on input line 2213.
(pdftex.def)             Requested size: 345.01839pt x 422.8117pt.

Underfull \vbox (badness 10000) has occurred while \output is active []

 [90 <./figures/ch_2/fig82.png>]
<figures/ch_2/fig84.png, id=871, 447.47176pt x 543.2295pt>
File: figures/ch_2/fig84.png Graphic file (type png)
<use figures/ch_2/fig84.png>
Package pdftex.def Info: figures/ch_2/fig84.png  used on input line 2215.
(pdftex.def)             Requested size: 344.99812pt x 418.82678pt.

Underfull \vbox (badness 10000) has occurred while \output is active []

 [91 <./figures/ch_2/fig83.png>]
<figures/ch_2/fig85.png, id=878, 449.88075pt x 552.8655pt>
File: figures/ch_2/fig85.png Graphic file (type png)
<use figures/ch_2/fig85.png>
Package pdftex.def Info: figures/ch_2/fig85.png  used on input line 2217.
(pdftex.def)             Requested size: 345.002pt x 423.97835pt.

Underfull \vbox (badness 10000) has occurred while \output is active []

 [92 <./figures/ch_2/fig84.png>]
<figures/ch_2/fig86.png, id=884, 437.83575pt x 78.2925pt>
File: figures/ch_2/fig86.png Graphic file (type png)
<use figures/ch_2/fig86.png>
Package pdftex.def Info: figures/ch_2/fig86.png  used on input line 2219.
(pdftex.def)             Requested size: 345.01126pt x 61.69388pt.
<figures/ch_2/fig87.png, id=885, 398.6895pt x 552.26324pt>
File: figures/ch_2/fig87.png Graphic file (type png)
<use figures/ch_2/fig87.png>
Package pdftex.def Info: figures/ch_2/fig87.png  used on input line 2225.
(pdftex.def)             Requested size: 344.99551pt x 477.88652pt.

Underfull \vbox (badness 3690) has occurred while \output is active []

 [93 <./figures/ch_2/fig85.png> <./figures/ch_2/fig86.png>]
<figures/ch_2/fig88.png, id=894, 543.2295pt x 495.0495pt>
File: figures/ch_2/fig88.png Graphic file (type png)
<use figures/ch_2/fig88.png>
Package pdftex.def Info: figures/ch_2/fig88.png  used on input line 2231.
(pdftex.def)             Requested size: 345.00491pt x 314.4058pt.

Underfull \vbox (badness 10000) has occurred while \output is active []

 [94 <./figures/ch_2/fig87.png>]
<figures/ch_2/fig89.png, id=902, 414.348pt x 503.481pt>
File: figures/ch_2/fig89.png Graphic file (type png)
<use figures/ch_2/fig89.png>
Package pdftex.def Info: figures/ch_2/fig89.png  used on input line 2237.
(pdftex.def)             Requested size: 345.00253pt x 419.21819pt.

Underfull \vbox (badness 10000) has occurred while \output is active []

 [95 <./figures/ch_2/fig88.png>]
<figures/ch_2/fig90.png, id=910, 419.76825pt x 517.935pt>
File: figures/ch_2/fig90.png Graphic file (type png)
<use figures/ch_2/fig90.png>
Package pdftex.def Info: figures/ch_2/fig90.png  used on input line 2255.
(pdftex.def)             Requested size: 345.01282pt x 425.69731pt.

Underfull \vbox (badness 10000) has occurred while \output is active []

 [96 <./figures/ch_2/fig89.png>]
<figures/ch_2/fig91.png, id=920, 620.3175pt x 502.87875pt>
File: figures/ch_2/fig91.png Graphic file (type png)
<use figures/ch_2/fig91.png>
Package pdftex.def Info: figures/ch_2/fig91.png  used on input line 2261.
(pdftex.def)             Requested size: 344.99965pt x 279.68417pt.

Underfull \vbox (badness 10000) has occurred while \output is active []

 [97 <./figures/ch_2/fig90.png>]
<figures/ch_2/fig92.png, id=929, 597.432pt x 481.8pt>
File: figures/ch_2/fig92.png Graphic file (type png)
<use figures/ch_2/fig92.png>
Package pdftex.def Info: figures/ch_2/fig92.png  used on input line 2270.
(pdftex.def)             Requested size: 345.00665pt x 278.23116pt.

Underfull \vbox (badness 10000) has occurred while \output is active []

 [98 <./figures/ch_2/fig91.png>]
<figures/ch_2/fig93.png, id=939, 519.1395pt x 371.58826pt>
File: figures/ch_2/fig93.png Graphic file (type png)
<use figures/ch_2/fig93.png>
Package pdftex.def Info: figures/ch_2/fig93.png  used on input line 2272.
(pdftex.def)             Requested size: 345.00162pt x 246.94432pt.
 [99 <./figures/ch_2/fig92.png> <./figures/ch_2/fig93.png>]
<figures/ch_2/fig94.png, id=948, 718.48425pt x 525.76425pt>
File: figures/ch_2/fig94.png Graphic file (type png)
<use figures/ch_2/fig94.png>
Package pdftex.def Info: figures/ch_2/fig94.png  used on input line 2278.
(pdftex.def)             Requested size: 345.00008pt x 252.46024pt.
<figures/ch_2/fig95.png, id=949, 380.622pt x 410.7345pt>
File: figures/ch_2/fig95.png Graphic file (type png)
<use figures/ch_2/fig95.png>
Package pdftex.def Info: figures/ch_2/fig95.png  used on input line 2284.
(pdftex.def)             Requested size: 345.01912pt x 372.31496pt.

Underfull \vbox (badness 10000) has occurred while \output is active []

 [100 <./figures/ch_2/fig94.png>]
<figures/ch_2/fig96.png, id=957, 379.4175pt x 443.85825pt>
File: figures/ch_2/fig96.png Graphic file (type png)
<use figures/ch_2/fig96.png>
Package pdftex.def Info: figures/ch_2/fig96.png  used on input line 2286.
(pdftex.def)             Requested size: 345.00414pt x 403.60008pt.

Underfull \vbox (badness 10000) has occurred while \output is active []

 [101 <./figures/ch_2/fig95.png>]
<figures/ch_2/fig97.png, id=963, 437.83575pt x 536.0025pt>
File: figures/ch_2/fig97.png Graphic file (type png)
<use figures/ch_2/fig97.png>
Package pdftex.def Info: figures/ch_2/fig97.png  used on input line 2292.
(pdftex.def)             Requested size: 345.01126pt x 422.36592pt.

Underfull \vbox (badness 10000) has occurred while \output is active []

 [102 <./figures/ch_2/fig96.png>]
File: figures/ch_2/fig100.png Graphic file (type png)
<use figures/ch_2/fig100.png>
Package pdftex.def Info: figures/ch_2/fig100.png  used on input line 2314.
(pdftex.def)             Requested size: 345.01282pt x 338.08287pt.

Underfull \vbox (badness 2205) has occurred while \output is active []

 [103 <./figures/ch_2/fig97.png>]
<figures/ch_2/fig98.png, id=983, 480.5955pt x 534.798pt>
File: figures/ch_2/fig98.png Graphic file (type png)
<use figures/ch_2/fig98.png>
Package pdftex.def Info: figures/ch_2/fig98.png  used on input line 2320.
(pdftex.def)             Requested size: 344.9945pt x 383.90366pt.

Underfull \vbox (badness 10000) has occurred while \output is active []

 [104]
<figures/ch_2/fig99.png, id=990, 327.02174pt x 501.072pt>
File: figures/ch_2/fig99.png Graphic file (type png)
<use figures/ch_2/fig99.png>
Package pdftex.def Info: figures/ch_2/fig99.png  used on input line 2322.
(pdftex.def)             Requested size: 327.02592pt x 501.07843pt.

Underfull \vbox (badness 10000) has occurred while \output is active []

 [105 <./figures/ch_2/fig98.png>]
Underfull \vbox (badness 10000) has occurred while \output is active []

 [106 <./figures/ch_2/fig99.png>]
Overfull \hbox (36.75018pt too wide) detected at line 2333
\OML/lmm/m/it/10 A[] \OT1/lmr/m/n/10 = \OMS/lmsy/m/n/10 f\OML/lmm/m/it/10 id; \OT1/lmr/m/n/10 (12)(34)\OML/lmm/m/it/10 ; \OT1/lmr/m/n/10 (13)(24)\OML/lmm/m/it/10 ; \OT1/lmr/m/n/10 (14)(23)\OML/lmm/m/it/10 ; \OT1/lmr/m/n/10 (123)\OML/lmm/m/it/10 ; \OT1/lmr/m/n/10 (132)\OML/lmm/m/it/10 ; \OT1/lmr/m/n/10 (124)\OML/lmm/m/it/10 ; \OT1/lmr/m/n/10 (142)\OML/lmm/m/it/10 ; \OT1/lmr/m/n/10 (134)\OML/lmm/m/it/10 ; \OT1/lmr/m/n/10 (143)\OML/lmm/m/it/10 ; \OT1/lmr/m/n/10 (234)\OML/lmm/m/it/10 ; \OT1/lmr/m/n/10 (243)\OMS/lmsy/m/n/10 g
 []


Underfull \hbox (badness 3701) in paragraph at lines 2342--2344
[]$\OT1/lmr/m/n/10 (12)(34)\OML/lmm/m/it/10 H \OT1/lmr/m/n/10 = \OMS/lmsy/m/n/10 f\OT1/lmr/m/n/10 (12)(34) \OMS/lmsy/m/n/10 ^^A \OML/lmm/m/it/10 id; \OT1/lmr/m/n/10 (12)(34) \OMS/lmsy/m/n/10 ^^A \OT1/lmr/m/n/10 (123)\OML/lmm/m/it/10 ; \OT1/lmr/m/n/10 (12)(34) \OMS/lmsy/m/n/10 ^^A \OT1/lmr/m/n/10 (132)\OMS/lmsy/m/n/10 g \OT1/lmr/m/n/10 =
 []


Underfull \hbox (badness 3701) in paragraph at lines 2344--2346
[]$\OT1/lmr/m/n/10 (13)(24)\OML/lmm/m/it/10 H \OT1/lmr/m/n/10 = \OMS/lmsy/m/n/10 f\OT1/lmr/m/n/10 (13)(24) \OMS/lmsy/m/n/10 ^^A \OML/lmm/m/it/10 id; \OT1/lmr/m/n/10 (13)(24) \OMS/lmsy/m/n/10 ^^A \OT1/lmr/m/n/10 (123)\OML/lmm/m/it/10 ; \OT1/lmr/m/n/10 (13)(24) \OMS/lmsy/m/n/10 ^^A \OT1/lmr/m/n/10 (132)\OMS/lmsy/m/n/10 g \OT1/lmr/m/n/10 =
 []


Underfull \hbox (badness 3701) in paragraph at lines 2346--2348
[]$\OT1/lmr/m/n/10 (14)(23)\OML/lmm/m/it/10 H \OT1/lmr/m/n/10 = \OMS/lmsy/m/n/10 f\OT1/lmr/m/n/10 (14)(23) \OMS/lmsy/m/n/10 ^^A \OML/lmm/m/it/10 id; \OT1/lmr/m/n/10 (14)(23) \OMS/lmsy/m/n/10 ^^A \OT1/lmr/m/n/10 (123)\OML/lmm/m/it/10 ; \OT1/lmr/m/n/10 (14)(23) \OMS/lmsy/m/n/10 ^^A \OT1/lmr/m/n/10 (132)\OMS/lmsy/m/n/10 g \OT1/lmr/m/n/10 =
 []

[107] [108] [109] [110] [111] [112] [113]
Underfull \hbox (badness 10000) in paragraph at lines 2747--2748

 []


Underfull \hbox (badness 10000) in paragraph at lines 2756--2757

 []

[114]
<figures/ch_2/fig102.jpg, id=1073, 643.6547pt x 503.63156pt>
File: figures/ch_2/fig102.jpg Graphic file (type jpg)
<use figures/ch_2/fig102.jpg>
Package pdftex.def Info: figures/ch_2/fig102.jpg  used on input line 2813.
(pdftex.def)             Requested size: 345.0148pt x 269.95894pt.
 [115]
<figures/ch_2/fig103.jpg, id=1083, 813.0375pt x 466.74374pt>
File: figures/ch_2/fig103.jpg Graphic file (type jpg)
<use figures/ch_2/fig103.jpg>
Package pdftex.def Info: figures/ch_2/fig103.jpg  used on input line 2819.
(pdftex.def)             Requested size: 344.9967pt x 198.05365pt.
<figures/ch_2/fig104.jpg, id=1084, 1084.05pt x 1345.025pt>
File: figures/ch_2/fig104.jpg Graphic file (type jpg)
<use figures/ch_2/fig104.jpg>
Package pdftex.def Info: figures/ch_2/fig104.jpg  used on input line 2821.
(pdftex.def)             Requested size: 345.00084pt x 428.0566pt.

Underfull \vbox (badness 10000) has occurred while \output is active []

 [116 <./figures/ch_2/fig102.jpg> <./figures/ch_2/fig103.jpg>]
<figures/ch_2/fig105.png, id=1091, 392.06474pt x 520.94624pt>
File: figures/ch_2/fig105.png Graphic file (type png)
<use figures/ch_2/fig105.png>
Package pdftex.def Info: figures/ch_2/fig105.png  used on input line 2832.
(pdftex.def)             Requested size: 345.00009pt x 458.41026pt.

Underfull \vbox (badness 2334) has occurred while \output is active []

 [117 <./figures/ch_2/fig104.jpg>] [118 <./figures/ch_2/fig105.png>]
Underfull \hbox (badness 10000) in paragraph at lines 2889--2890

 []

[119]
Underfull \hbox (badness 10000) in paragraph at lines 2912--2913

 []

[120] [121]
<figures/ch_2/fig03.png, id=1152, 1038.88126pt x 498.06075pt>
File: figures/ch_2/fig03.png Graphic file (type png)
<use figures/ch_2/fig03.png>
Package pdftex.def Info: figures/ch_2/fig03.png  used on input line 3101.
(pdftex.def)             Requested size: 344.98775pt x 165.39412pt.

Underfull \vbox (badness 1371) has occurred while \output is active []

 [122]
<figures/ch_2/fig04.jpg, id=1161, 1266.7325pt x 1284.8pt>
File: figures/ch_2/fig04.jpg Graphic file (type jpg)
<use figures/ch_2/fig04.jpg>
Package pdftex.def Info: figures/ch_2/fig04.jpg  used on input line 3111.
(pdftex.def)             Requested size: 344.99898pt x 349.91972pt.

Underfull \vbox (badness 10000) has occurred while \output is active []

 [123 <./figures/ch_2/fig03.png>]
<figures/ch_2/fig05.jpg, id=1169, 1271.75125pt x 1284.8pt>
File: figures/ch_2/fig05.jpg Graphic file (type jpg)
<use figures/ch_2/fig05.jpg>
Package pdftex.def Info: figures/ch_2/fig05.jpg  used on input line 3113.
(pdftex.def)             Requested size: 345.00748pt x 348.54741pt.

Underfull \vbox (badness 10000) has occurred while \output is active []

 [124 <./figures/ch_2/fig04.jpg>]
<figures/ch_2/fig06.png, id=1174, 791.95876pt x 487.8225pt>
File: figures/ch_2/fig06.png Graphic file (type png)
<use figures/ch_2/fig06.png>
Package pdftex.def Info: figures/ch_2/fig06.png  used on input line 3123.
(pdftex.def)             Requested size: 345.00682pt x 212.5137pt.
<figures/ch_2/fig07.jpg, id=1175, 1606.0pt x 1222.5675pt>
File: figures/ch_2/fig07.jpg Graphic file (type jpg)
<use figures/ch_2/fig07.jpg>
Package pdftex.def Info: figures/ch_2/fig07.jpg  used on input line 3124.
(pdftex.def)             Requested size: 344.98921pt x 262.62303pt.
<figures/ch_2/fig09.png, id=1176, 829.9005pt x 245.718pt>
File: figures/ch_2/fig09.png Graphic file (type png)
<use figures/ch_2/fig09.png>
Package pdftex.def Info: figures/ch_2/fig09.png  used on input line 3125.
(pdftex.def)             Requested size: 344.99745pt x 102.14728pt.
<figures/ch_2/fig08.jpg, id=1177, 1204.5pt x 538.26094pt>
File: figures/ch_2/fig08.jpg Graphic file (type jpg)
<use figures/ch_2/fig08.jpg>
Package pdftex.def Info: figures/ch_2/fig08.jpg  used on input line 3126.
(pdftex.def)             Requested size: 344.99533pt x 154.16978pt.

Underfull \hbox (badness 10000) in paragraph at lines 3123--3127
[]
 []


Underfull \hbox (badness 10000) in paragraph at lines 3123--3127
[]
 []


Underfull \vbox (badness 10000) has occurred while \output is active []

 [125 <./figures/ch_2/fig05.jpg>]
Underfull \vbox (badness 10000) has occurred while \output is active []

 [126 <./figures/ch_2/fig06.png> <./figures/ch_2/fig07.jpg>]
<figures/ch_2/fig10.png, id=1191, 819.66225pt x 518.53725pt>
File: figures/ch_2/fig10.png Graphic file (type png)
<use figures/ch_2/fig10.png>
Package pdftex.def Info: figures/ch_2/fig10.png  used on input line 3132.
(pdftex.def)             Requested size: 344.99371pt x 218.25098pt.
<figures/ch_2/fig11.jpg, id=1192, 1464.2203pt x 1910.63812pt>
File: figures/ch_2/fig11.jpg Graphic file (type jpg)
<use figures/ch_2/fig11.jpg>
Package pdftex.def Info: figures/ch_2/fig11.jpg  used on input line 3134.
(pdftex.def)             Requested size: 344.9855pt x 450.16618pt.
<figures/ch_2/fig12.jpg, id=1193, 2121.9275pt x 2901.84125pt>
File: figures/ch_2/fig12.jpg Graphic file (type jpg)
<use figures/ch_2/fig12.jpg>
Package pdftex.def Info: figures/ch_2/fig12.jpg  used on input line 3135.
(pdftex.def)             Requested size: 344.98721pt x 471.78716pt.
<figures/ch_2/fig13.jpg, id=1194, 1371.1225pt x 1606.0pt>
File: figures/ch_2/fig13.jpg Graphic file (type jpg)
<use figures/ch_2/fig13.jpg>
Package pdftex.def Info: figures/ch_2/fig13.jpg  used on input line 3136.
(pdftex.def)             Requested size: 344.99747pt x 404.0966pt.
<figures/ch_2/fig14.jpg, id=1195, 1034.36438pt x 1204.5pt>
File: figures/ch_2/fig14.jpg Graphic file (type jpg)
<use figures/ch_2/fig14.jpg>
Package pdftex.def Info: figures/ch_2/fig14.jpg  used on input line 3137.
(pdftex.def)             Requested size: 345.00298pt x 401.7502pt.
<figures/ch_2/fig15.jpg, id=1196, 1055.44313pt x 1203.7472pt>
File: figures/ch_2/fig15.jpg Graphic file (type jpg)
<use figures/ch_2/fig15.jpg>
Package pdftex.def Info: figures/ch_2/fig15.jpg  used on input line 3138.
(pdftex.def)             Requested size: 344.99583pt x 393.47243pt.
<figures/ch_2/fig16.jpg, id=1197, 1484.54625pt x 712.6625pt>
File: figures/ch_2/fig16.jpg Graphic file (type jpg)
<use figures/ch_2/fig16.jpg>
Package pdftex.def Info: figures/ch_2/fig16.jpg  used on input line 3139.
(pdftex.def)             Requested size: 344.99487pt x 165.6162pt.

Underfull \hbox (badness 10000) in paragraph at lines 3134--3140
[][]
 []


Underfull \hbox (badness 10000) in paragraph at lines 3134--3140
[]
 []


Underfull \hbox (badness 10000) in paragraph at lines 3134--3140
[]
 []


Underfull \hbox (badness 10000) in paragraph at lines 3134--3140
[]
 []

[127 <./figures/ch_2/fig09.png> <./figures/ch_2/fig08.jpg> <./figures/ch_2/fig10.png>]
Underfull \vbox (badness 10000) has occurred while \output is active []

 [128 <./figures/ch_2/fig11.jpg>]
Underfull \vbox (badness 10000) has occurred while \output is active []

 [129 <./figures/ch_2/fig12.jpg>]
Underfull \vbox (badness 10000) has occurred while \output is active []

 [130 <./figures/ch_2/fig13.jpg>]
Underfull \vbox (badness 10000) has occurred while \output is active []

 [131 <./figures/ch_2/fig14.jpg>]
Underfull \vbox (badness 10000) has occurred while \output is active []

 [132 <./figures/ch_2/fig15.jpg>]
Underfull \hbox (badness 10000) in paragraph at lines 3152--3153

 []


Underfull \hbox (badness 10000) in paragraph at lines 3161--3164

 []


Underfull \hbox (badness 10000) in paragraph at lines 3177--3178

 []

[133 <./figures/ch_2/fig16.jpg>] [134] [135]
Overfull \hbox (56.73587pt too wide) detected at line 3288
\OML/lmm/m/it/10 h[]h[] \OT1/lmr/m/n/10 = [] [] = []
 []

[136]
Underfull \hbox (badness 10000) in paragraph at lines 3304--3305

 []


Underfull \hbox (badness 10000) in paragraph at lines 3334--3335

 []

[137]
Underfull \hbox (badness 10000) in paragraph at lines 3385--3386

 []

[138]
<figures/ch_2/fig36.png, id=1269, 465.53925pt x 454.69875pt>
File: figures/ch_2/fig36.png Graphic file (type png)
<use figures/ch_2/fig36.png>
Package pdftex.def Info: figures/ch_2/fig36.png  used on input line 3411.
(pdftex.def)             Requested size: 344.99799pt x 336.9644pt.

Underfull \vbox (badness 10000) has occurred while \output is active []

 [139]
<figures/ch_2/fig37.png, id=1277, 464.937pt x 245.718pt>
File: figures/ch_2/fig37.png Graphic file (type png)
<use figures/ch_2/fig37.png>
Package pdftex.def Info: figures/ch_2/fig37.png  used on input line 3413.
(pdftex.def)             Requested size: 345.01991pt x 182.34212pt.
<figures/ch_2/fig38.png, id=1278, 415.5525pt x 290.2845pt>
File: figures/ch_2/fig38.png Graphic file (type png)
<use figures/ch_2/fig38.png>
Package pdftex.def Info: figures/ch_2/fig38.png  used on input line 3415.
(pdftex.def)             Requested size: 345.01628pt x 241.01137pt.

Underfull \vbox (badness 10000) has occurred while \output is active []

 [140 <./figures/ch_2/fig36.png> <./figures/ch_2/fig37.png>]
<figures/ch_2/fig39.png, id=1285, 443.85825pt x 416.757pt>
File: figures/ch_2/fig39.png Graphic file (type png)
<use figures/ch_2/fig39.png>
Package pdftex.def Info: figures/ch_2/fig39.png  used on input line 3417.
(pdftex.def)             Requested size: 345.00925pt x 323.94357pt.

Underfull \vbox (badness 10000) has occurred while \output is active []

 [141 <./figures/ch_2/fig38.png>]
<figures/ch_2/fig40.png, id=1291, 393.26926pt x 495.0495pt>
File: figures/ch_2/fig40.png Graphic file (type png)
<use figures/ch_2/fig40.png>
Package pdftex.def Info: figures/ch_2/fig40.png  used on input line 3437.
(pdftex.def)             Requested size: 345.01587pt x 434.30786pt.
<figures/ch_2/fig41.png, id=1292, 351.11176pt x 365.56575pt>
File: figures/ch_2/fig41.png Graphic file (type png)
<use figures/ch_2/fig41.png>
Package pdftex.def Info: figures/ch_2/fig41.png  used on input line 3438.
(pdftex.def)             Requested size: 345.014pt x 359.217pt.

Underfull \vbox (badness 10000) has occurred while \output is active []

 [142 <./figures/ch_2/fig39.png>]
Underfull \vbox (badness 10000) has occurred while \output is active []

 [143 <./figures/ch_2/fig40.png>]
<figures/ch_2/fig42.png, id=1308, 370.986pt x 486.01575pt>
File: figures/ch_2/fig42.png Graphic file (type png)
<use figures/ch_2/fig42.png>
Package pdftex.def Info: figures/ch_2/fig42.png  used on input line 3440.
(pdftex.def)             Requested size: 345.0134pt x 451.98997pt.

Underfull \vbox (badness 10000) has occurred while \output is active []

 [144 <./figures/ch_2/fig41.png>]
<figures/ch_2/fig43.png, id=1314, 416.757pt x 516.12825pt>
File: figures/ch_2/fig43.png Graphic file (type png)
<use figures/ch_2/fig43.png>
Package pdftex.def Info: figures/ch_2/fig43.png  used on input line 3442.
(pdftex.def)             Requested size: 344.99886pt x 427.26015pt.

Underfull \vbox (badness 10000) has occurred while \output is active []

 [145 <./figures/ch_2/fig42.png>]
<figures/ch_2/fig44.png, id=1321, 816.04875pt x 326.4195pt>
File: figures/ch_2/fig44.png Graphic file (type png)
<use figures/ch_2/fig44.png>
Package pdftex.def Info: figures/ch_2/fig44.png  used on input line 3444.
(pdftex.def)             Requested size: 345.00438pt x 138.00174pt.

Underfull \vbox (badness 10000) has occurred while \output is active []

 [146 <./figures/ch_2/fig43.png>]
<figures/ch_2/fig45.png, id=1327, 395.67825pt x 505.89pt>
File: figures/ch_2/fig45.png Graphic file (type png)
<use figures/ch_2/fig45.png>
Package pdftex.def Info: figures/ch_2/fig45.png  used on input line 3446.
(pdftex.def)             Requested size: 345.01613pt x 441.11652pt.

Underfull \vbox (badness 10000) has occurred while \output is active []

 [147 <./figures/ch_2/fig44.png>]
<figures/ch_2/fig46.png, id=1333, 879.285pt x 301.125pt>
File: figures/ch_2/fig46.png Graphic file (type png)
<use figures/ch_2/fig46.png>
Package pdftex.def Info: figures/ch_2/fig46.png  used on input line 3448.
(pdftex.def)             Requested size: 344.99937pt x 118.15047pt.

Underfull \vbox (badness 10000) has occurred while \output is active []

 [148 <./figures/ch_2/fig45.png>]
<figures/ch_2/fig47.png, id=1339, 522.753pt x 519.1395pt>
File: figures/ch_2/fig47.png Graphic file (type png)
<use figures/ch_2/fig47.png>
Package pdftex.def Info: figures/ch_2/fig47.png  used on input line 3457.
(pdftex.def)             Requested size: 344.99411pt x 342.60934pt.
<figures/ch_2/fig48.png, id=1340, 532.99126pt x 413.74574pt>
File: figures/ch_2/fig48.png Graphic file (type png)
<use figures/ch_2/fig48.png>
Package pdftex.def Info: figures/ch_2/fig48.png  used on input line 3459.
(pdftex.def)             Requested size: 345.00885pt x 267.82042pt.
 [149 <./figures/ch_2/fig46.png> <./figures/ch_2/fig47.png>] [150 <./figures/ch_2/fig48.png>] [151] [152]
Chapter 5.
<figures/ch_3/ex-1.1-1.png, id=1377, 532.99126pt x 519.1395pt>
File: figures/ch_3/ex-1.1-1.png Graphic file (type png)
<use figures/ch_3/ex-1.1-1.png>
Package pdftex.def Info: figures/ch_3/ex-1.1-1.png  used on input line 3564.
(pdftex.def)             Requested size: 345.00885pt x 336.0425pt.
<figures/ch_3/ex-1.1-2.png, id=1378, 545.6385pt x 462.528pt>
File: figures/ch_3/ex-1.1-2.png Graphic file (type png)
<use figures/ch_3/ex-1.1-2.png>
Package pdftex.def Info: figures/ch_3/ex-1.1-2.png  used on input line 3565.
(pdftex.def)             Requested size: 345.00293pt x 292.4528pt.
<figures/ch_3/ex-1.1-3.png, id=1379, 554.67226pt x 479.99326pt>
File: figures/ch_3/ex-1.1-3.png Graphic file (type png)
<use figures/ch_3/ex-1.1-3.png>
Package pdftex.def Info: figures/ch_3/ex-1.1-3.png  used on input line 3566.
(pdftex.def)             Requested size: 345.00197pt x 298.5522pt.
<figures/ch_3/ex-1.1-4.png, id=1380, 489.62926pt x 319.79475pt>
File: figures/ch_3/ex-1.1-4.png Graphic file (type png)
<use figures/ch_3/ex-1.1-4.png>
Package pdftex.def Info: figures/ch_3/ex-1.1-4.png  used on input line 3567.
(pdftex.def)             Requested size: 345.00189pt x 225.33333pt.

Underfull \vbox (badness 10000) has occurred while \output is active []

 [153

]
Underfull \vbox (badness 10000) has occurred while \output is active []

 [154 <./figures/ch_3/ex-1.1-1.png>]
Underfull \vbox (badness 10000) has occurred while \output is active []

 [155 <./figures/ch_3/ex-1.1-2.png>]
Underfull \vbox (badness 1668) has occurred while \output is active []

 [156 <./figures/ch_3/ex-1.1-3.png> <./figures/ch_3/ex-1.1-4.png>]
<figures/ch_3/ex-1.2-1.png, id=1408, 474.573pt x 546.24075pt>
File: figures/ch_3/ex-1.2-1.png Graphic file (type png)
<use figures/ch_3/ex-1.2-1.png>
Package pdftex.def Info: figures/ch_3/ex-1.2-1.png  used on input line 3573.
(pdftex.def)             Requested size: 345.00162pt x 397.10211pt.
File: figures/ch_3/ex-1.2-1.png Graphic file (type png)
<use figures/ch_3/ex-1.2-1.png>
Package pdftex.def Info: figures/ch_3/ex-1.2-1.png  used on input line 3574.
(pdftex.def)             Requested size: 345.00162pt x 397.10211pt.

Underfull \vbox (badness 10000) has occurred while \output is active []

 [157 <./figures/ch_3/ex-1.2-1.png>]
<figures/ch_3/ex-1.3.png, id=1415, 551.661pt x 519.1395pt>
File: figures/ch_3/ex-1.3.png Graphic file (type png)
<use figures/ch_3/ex-1.3.png>
Package pdftex.def Info: figures/ch_3/ex-1.3.png  used on input line 3580.
(pdftex.def)             Requested size: 344.99771pt x 324.65941pt.

Underfull \vbox (badness 10000) has occurred while \output is active []

 [158]
<figures/ch_3/ex-1.4-1.png, id=1422, 410.7345pt x 506.49225pt>
File: figures/ch_3/ex-1.4-1.png Graphic file (type png)
<use figures/ch_3/ex-1.4-1.png>
Package pdftex.def Info: figures/ch_3/ex-1.4-1.png  used on input line 3601.
(pdftex.def)             Requested size: 345.00835pt x 425.44286pt.

Underfull \vbox (badness 10000) has occurred while \output is active []

 [159 <./figures/ch_3/ex-1.3.png>]
<figures/ch_3/ex-1.4-2.png, id=1433, 410.7345pt x 101.178pt>
File: figures/ch_3/ex-1.4-2.png Graphic file (type png)
<use figures/ch_3/ex-1.4-2.png>
Package pdftex.def Info: figures/ch_3/ex-1.4-2.png  used on input line 3603.
(pdftex.def)             Requested size: 345.00835pt x 84.98738pt.

Underfull \vbox (badness 10000) has occurred while \output is active []

 [160 <./figures/ch_3/ex-1.4-1.png> <./figures/ch_3/ex-1.4-2.png>]
<figures/ch_3/ex-1.5.png, id=1441, 624.53325pt x 512.51476pt>
File: figures/ch_3/ex-1.5.png Graphic file (type png)
<use figures/ch_3/ex-1.5.png>
Package pdftex.def Info: figures/ch_3/ex-1.5.png  used on input line 3611.
(pdftex.def)             Requested size: 345.00002pt x 283.11958pt.
<figures/ch_3/ex-1.6-1.png, id=1442, 399.29175pt x 528.17325pt>
File: figures/ch_3/ex-1.6-1.png Graphic file (type png)
<use figures/ch_3/ex-1.6-1.png>
Package pdftex.def Info: figures/ch_3/ex-1.6-1.png  used on input line 3636.
(pdftex.def)             Requested size: 345.00487pt x 456.36389pt.
<figures/ch_3/ex-1.6-2.png, id=1443, 419.166pt x 549.252pt>
File: figures/ch_3/ex-1.6-2.png Graphic file (type png)
<use figures/ch_3/ex-1.6-2.png>
Package pdftex.def Info: figures/ch_3/ex-1.6-2.png  used on input line 3637.
(pdftex.def)             Requested size: 345.00394pt x 452.07411pt.
<figures/ch_3/ex-1.6-3.png, id=1444, 386.6445pt x 537.207pt>
File: figures/ch_3/ex-1.6-3.png Graphic file (type png)
<use figures/ch_3/ex-1.6-3.png>
Package pdftex.def Info: figures/ch_3/ex-1.6-3.png  used on input line 3638.
(pdftex.def)             Requested size: 345.01518pt x 479.36688pt.
<figures/ch_3/ex-1.6-4.png, id=1445, 428.802pt x 546.24075pt>
File: figures/ch_3/ex-1.6-4.png Graphic file (type png)
<use figures/ch_3/ex-1.6-4.png>
Package pdftex.def Info: figures/ch_3/ex-1.6-4.png  used on input line 3639.
(pdftex.def)             Requested size: 345.0115pt x 439.50201pt.
<figures/ch_3/ex-1.6-5.png, id=1446, 420.3705pt x 90.93974pt>
File: figures/ch_3/ex-1.6-5.png Graphic file (type png)
<use figures/ch_3/ex-1.6-5.png>
Package pdftex.def Info: figures/ch_3/ex-1.6-5.png  used on input line 3640.
(pdftex.def)             Requested size: 345.02034pt x 74.63904pt.
 [161 <./figures/ch_3/ex-1.5.png>]
Underfull \vbox (badness 10000) has occurred while \output is active []

 [162 <./figures/ch_3/ex-1.6-1.png>]
Underfull \vbox (badness 10000) has occurred while \output is active []

 [163 <./figures/ch_3/ex-1.6-2.png>]
Underfull \vbox (badness 10000) has occurred while \output is active []

 [164 <./figures/ch_3/ex-1.6-3.png>]
File: figures/ch_2/fig100.png Graphic file (type png)
<use figures/ch_2/fig100.png>
Package pdftex.def Info: figures/ch_2/fig100.png  used on input line 3646.
(pdftex.def)             Requested size: 345.01282pt x 338.08287pt.
 [165 <./figures/ch_3/ex-1.6-4.png> <./figures/ch_3/ex-1.6-5.png>]
<figures/ch_3/ex-1.8-1.png, id=1483, 386.6445pt x 293.29575pt>
File: figures/ch_3/ex-1.8-1.png Graphic file (type png)
<use figures/ch_3/ex-1.8-1.png>
Package pdftex.def Info: figures/ch_3/ex-1.8-1.png  used on input line 3654.
(pdftex.def)             Requested size: 345.01518pt x 261.7171pt.
<figures/ch_3/ex-1.8-2.png, id=1484, 392.06474pt x 501.67426pt>
File: figures/ch_3/ex-1.8-2.png Graphic file (type png)
<use figures/ch_3/ex-1.8-2.png>
Package pdftex.def Info: figures/ch_3/ex-1.8-2.png  used on input line 3655.
(pdftex.def)             Requested size: 345.00009pt x 441.45174pt.

Underfull \vbox (badness 10000) has occurred while \output is active []

 [166]
Underfull \vbox (badness 10000) has occurred while \output is active []

 [167 <./figures/ch_3/ex-1.8-1.png>]
<figures/ch_3/ex-1.9-1.png, id=1496, 422.7795pt x 540.8205pt>
File: figures/ch_3/ex-1.9-1.png Graphic file (type png)
<use figures/ch_3/ex-1.9-1.png>
Package pdftex.def Info: figures/ch_3/ex-1.9-1.png  used on input line 3665.
(pdftex.def)             Requested size: 345.01704pt x 441.34659pt.
<figures/ch_3/ex-1.9-2.png, id=1497, 428.802pt x 340.27126pt>
File: figures/ch_3/ex-1.9-2.png Graphic file (type png)
<use figures/ch_3/ex-1.9-2.png>
Package pdftex.def Info: figures/ch_3/ex-1.9-2.png  used on input line 3666.
(pdftex.def)             Requested size: 345.0115pt x 273.7802pt.

Underfull \vbox (badness 10000) has occurred while \output is active []

 [168 <./figures/ch_3/ex-1.8-2.png>]
Underfull \vbox (badness 10000) has occurred while \output is active []

 [169 <./figures/ch_3/ex-1.9-1.png>] [170 <./figures/ch_3/ex-1.9-2.png>] [171]
<figures/ch_3/ex-1.11-1.png, id=1524, 424.58624pt x 500.46976pt>
File: figures/ch_3/ex-1.11-1.png Graphic file (type png)
<use figures/ch_3/ex-1.11-1.png>
Package pdftex.def Info: figures/ch_3/ex-1.11-1.png  used on input line 3789.
(pdftex.def)             Requested size: 345.01434pt x 406.67648pt.
<figures/ch_3/ex-1.11-2.png, id=1525, 428.802pt x 483.0045pt>
File: figures/ch_3/ex-1.11-2.png Graphic file (type png)
<use figures/ch_3/ex-1.11-2.png>
Package pdftex.def Info: figures/ch_3/ex-1.11-2.png  used on input line 3790.
(pdftex.def)             Requested size: 345.0115pt x 388.6225pt.
<figures/ch_3/ex-1.11-3.png, id=1526, 431.81325pt x 124.0635pt>
File: figures/ch_3/ex-1.11-3.png Graphic file (type png)
<use figures/ch_3/ex-1.11-3.png>
Package pdftex.def Info: figures/ch_3/ex-1.11-3.png  used on input line 3791.
(pdftex.def)             Requested size: 345.02277pt x 99.12787pt.

Underfull \vbox (badness 10000) has occurred while \output is active []

 [172 <./figures/ch_3/ex-1.11-1.png>] [173 <./figures/ch_3/ex-1.11-2.png> <./figures/ch_3/ex-1.11-3.png>]
<figures/ch_3/ex-2.1-a.png, id=1544, 684.75826pt x 534.19576pt>
File: figures/ch_3/ex-2.1-a.png Graphic file (type png)
<use figures/ch_3/ex-2.1-a.png>
Package pdftex.def Info: figures/ch_3/ex-2.1-a.png  used on input line 3821.
(pdftex.def)             Requested size: 345.00087pt x 269.14316pt.
<figures/ch_3/ex-2.1-b.png, id=1545, 645.00975pt x 428.19975pt>
File: figures/ch_3/ex-2.1-b.png Graphic file (type png)
<use figures/ch_3/ex-2.1-b.png>
Package pdftex.def Info: figures/ch_3/ex-2.1-b.png  used on input line 3822.
(pdftex.def)             Requested size: 345.00299pt x 229.0356pt.

Underfull \vbox (badness 10000) has occurred while \output is active []

 [174 <./figures/ch_3/ex-2.1-a.png>]
<figures/ch_3/ex-2.2-a.png, id=1554, 448.67625pt x 558.888pt>
File: figures/ch_3/ex-2.2-a.png Graphic file (type png)
<use figures/ch_3/ex-2.2-a.png>
Package pdftex.def Info: figures/ch_3/ex-2.2-a.png  used on input line 3842.
(pdftex.def)             Requested size: 345.00938pt x 429.75665pt.
<figures/ch_3/ex-2.2-b.png, id=1555, 669.702pt x 516.12825pt>
File: figures/ch_3/ex-2.2-b.png Graphic file (type png)
<use figures/ch_3/ex-2.2-b.png>
Package pdftex.def Info: figures/ch_3/ex-2.2-b.png  used on input line 3843.
(pdftex.def)             Requested size: 344.99745pt x 265.88383pt.
<figures/ch_3/ex-2.2-c.png, id=1556, 325.215pt x 410.7345pt>
File: figures/ch_3/ex-2.2-c.png Graphic file (type png)
<use figures/ch_3/ex-2.2-c.png>
Package pdftex.def Info: figures/ch_3/ex-2.2-c.png  used on input line 3844.
(pdftex.def)             Requested size: 325.22412pt x 410.74602pt.

Underfull \hbox (badness 10000) in paragraph at lines 3842--3845
[]
 []


Underfull \vbox (badness 10000) has occurred while \output is active []

 [175 <./figures/ch_3/ex-2.1-b.png>]
Underfull \vbox (badness 10000) has occurred while \output is active []

 [176 <./figures/ch_3/ex-2.2-a.png>]
Underfull \vbox (badness 10000) has occurred while \output is active []

 [177 <./figures/ch_3/ex-2.2-b.png>]
<figures/ch_3/ex-3.1-1.png, id=1578, 410.7345pt x 478.78876pt>
File: figures/ch_3/ex-3.1-1.png Graphic file (type png)
<use figures/ch_3/ex-3.1-1.png>
Package pdftex.def Info: figures/ch_3/ex-3.1-1.png  used on input line 3850.
(pdftex.def)             Requested size: 345.00835pt x 402.1725pt.
<figures/ch_3/ex-3.1-2.png, id=1579, 415.5525pt x 168.63pt>
File: figures/ch_3/ex-3.1-2.png Graphic file (type png)
<use figures/ch_3/ex-3.1-2.png>
Package pdftex.def Info: figures/ch_3/ex-3.1-2.png  used on input line 3851.
(pdftex.def)             Requested size: 345.01628pt x 140.00659pt.

Underfull \vbox (badness 10000) has occurred while \output is active []

 [178 <./figures/ch_3/ex-2.2-c.png>]
Underfull \vbox (badness 10000) has occurred while \output is active []

 [179 <./figures/ch_3/ex-3.1-1.png> <./figures/ch_3/ex-3.1-2.png>] [180]
Chapter 6.
No file _main.bbl.
[181

] (./_main.aux)
 ***********
LaTeX2e <2023-11-01> patch level 1
L3 programming layer <2024-03-14>
 ***********
 ) 
Here is how much of TeX's memory you used:
 13264 strings out of 476064
 217614 string characters out of 5790964
 1960496 words of memory out of 5000000
 34481 multiletter control sequences out of 15000+600000
 651143 words of font info for 94 fonts, out of 8000000 for 9000
 14 hyphenation exceptions out of 8191
 89i,15n,93p,838b,766s stack positions out of 10000i,1000n,20000p,200000b,200000s
<c:/Users/RIENZIE/AppData/Roaming/TinyTeX/texmf-dist/fonts/type1/public/lm/lmbx10.pfb><c:/Users/RIENZIE/AppData/Roaming/TinyTeX/texmf-dist/fonts/type1/public/lm/lmbx12.pfb><c:/Users/RIENZIE/AppData/Roaming/TinyTeX/texmf-dist/fonts/type1/public/lm/lmex10.pfb><c:/Users/RIENZIE/AppData/Roaming/TinyTeX/texmf-dist/fonts/type1/public/lm/lmmi10.pfb><c:/Users/RIENZIE/AppData/Roaming/TinyTeX/texmf-dist/fonts/type1/public/lm/lmmi5.pfb><c:/Users/RIENZIE/AppData/Roaming/TinyTeX/texmf-dist/fonts/type1/public/lm/lmmi7.pfb><c:/Users/RIENZIE/AppData/Roaming/TinyTeX/texmf-dist/fonts/type1/public/lm/lmr10.pfb><c:/Users/RIENZIE/AppData/Roaming/TinyTeX/texmf-dist/fonts/type1/public/lm/lmr12.pfb><c:/Users/RIENZIE/AppData/Roaming/TinyTeX/texmf-dist/fonts/type1/public/lm/lmr17.pfb><c:/Users/RIENZIE/AppData/Roaming/TinyTeX/texmf-dist/fonts/type1/public/lm/lmr5.pfb><c:/Users/RIENZIE/AppData/Roaming/TinyTeX/texmf-dist/fonts/type1/public/lm/lmr7.pfb><c:/Users/RIENZIE/AppData/Roaming/TinyTeX/texmf-dist/fonts/type1/public/lm/lmri10.pfb><c:/Users/RIENZIE/AppData/Roaming/TinyTeX/texmf-dist/fonts/type1/public/lm/lmro10.pfb><c:/Users/RIENZIE/AppData/Roaming/TinyTeX/texmf-dist/fonts/type1/public/lm/lmsy10.pfb><c:/Users/RIENZIE/AppData/Roaming/TinyTeX/texmf-dist/fonts/type1/public/lm/lmsy5.pfb><c:/Users/RIENZIE/AppData/Roaming/TinyTeX/texmf-dist/fonts/type1/public/lm/lmsy7.pfb><c:/Users/RIENZIE/AppData/Roaming/TinyTeX/texmf-dist/fonts/type1/public/amsfonts/symbols/msam10.pfb><c:/Users/RIENZIE/AppData/Roaming/TinyTeX/texmf-dist/fonts/type1/public/amsfonts/symbols/msbm10.pfb>
Output written on _main.pdf (181 pages, 16629779 bytes).
PDF statistics:
 1921 PDF objects out of 2073 (max. 8388607)
 1435 compressed objects within 15 object streams
 707 named destinations out of 1000 (max. 500000)
 868 words of extra memory for PDF output out of 10000 (max. 10000000)

